2012/04/02 03:23:11 [error] [exception.CHttpException.404] exception 'CHttpException' with message 'The system is unable to find the requested action "gii".' in E:\wwwroot\dlfblog\framework\web\CController.php:484
Stack trace:
#0 E:\wwwroot\dlfblog\framework\web\CController.php(271): CController->missingAction('gii')
#1 E:\wwwroot\dlfblog\framework\web\CWebApplication.php(276): CController->run('gii')
#2 E:\wwwroot\dlfblog\framework\web\CWebApplication.php(135): CWebApplication->runController('site/gii')
#3 E:\wwwroot\dlfblog\framework\base\CApplication.php(162): CWebApplication->processRequest()
#4 E:\wwwroot\dlfblog\index.php(13): CApplication->run()
#5 {main}
REQUEST_URI=/dlfblog/index.php/site/gii
---
2012/04/02 04:20:27 [error] [exception.CHttpException.404] exception 'CHttpException' with message 'The system is unable to find the requested action "login".' in E:\wwwroot\dlfblog\framework\web\CController.php:484
Stack trace:
#0 E:\wwwroot\dlfblog\framework\web\CController.php(271): CController->missingAction('login')
#1 E:\wwwroot\dlfblog\framework\web\CWebApplication.php(276): CController->run('login')
#2 E:\wwwroot\dlfblog\framework\web\CWebApplication.php(135): CWebApplication->runController('admin/user/logi...')
#3 E:\wwwroot\dlfblog\framework\base\CApplication.php(162): CWebApplication->processRequest()
#4 E:\wwwroot\dlfblog\index.php(13): CApplication->run()
#5 {main}
REQUEST_URI=/dlfblog/index.php/admin/user/login
---
2012/04/02 04:21:28 [error] [exception.CHttpException.404] exception 'CHttpException' with message 'Unable to resolve the request "admin/user/login".' in E:\wwwroot\dlfblog\framework\web\CWebApplication.php:280
Stack trace:
#0 E:\wwwroot\dlfblog\framework\web\CWebApplication.php(135): CWebApplication->runController('admin/user/logi...')
#1 E:\wwwroot\dlfblog\framework\base\CApplication.php(162): CWebApplication->processRequest()
#2 E:\wwwroot\dlfblog\index.php(13): CApplication->run()
#3 {main}
REQUEST_URI=/dlfblog/index.php/admin/user/login
---
2012/04/02 05:26:55 [error] [exception.CHttpException.404] exception 'CHttpException' with message 'Unable to resolve the request "admin/user".' in E:\wwwroot\dlfblog\framework\web\CWebApplication.php:280
Stack trace:
#0 E:\wwwroot\dlfblog\framework\web\CWebApplication.php(135): CWebApplication->runController('admin/user')
#1 E:\wwwroot\dlfblog\framework\base\CApplication.php(162): CWebApplication->processRequest()
#2 E:\wwwroot\dlfblog\index.php(13): CApplication->run()
#3 {main}
REQUEST_URI=/dlfblog/index.php/admin/user
HTTP_REFERER=http://localhost/dlfblog/index.php/gii/crud
---
2012/04/18 11:19:04 [error] [exception.CDbException] exception 'CDbException' with message 'CDbConnection failed to open the DB connection: SQLSTATE[28000] [1045] Access denied for user 'root'@'localhost' (using password: YES)' in /home/wwwroot/dlfblog/framework/db/CDbConnection.php:382
Stack trace:
#0 /home/wwwroot/dlfblog/framework/db/CDbConnection.php(331): CDbConnection->open()
#1 /home/wwwroot/dlfblog/framework/db/CDbConnection.php(309): CDbConnection->setActive(true)
#2 /home/wwwroot/dlfblog/framework/base/CModule.php(388): CDbConnection->init()
#3 /home/wwwroot/dlfblog/framework/base/CApplication.php(431): CModule->getComponent('db')
#4 /home/wwwroot/dlfblog/framework/db/ar/CActiveRecord.php(615): CApplication->getDb()
#5 /home/wwwroot/dlfblog/framework/db/ar/CActiveRecord.php(2263): CActiveRecord->getDbConnection()
#6 /home/wwwroot/dlfblog/framework/db/ar/CActiveRecord.php(379): CActiveRecordMetaData->__construct(Object(Options))
#7 /home/wwwroot/dlfblog/protected/models/Options.php(20): CActiveRecord::model('Options')
#8 /home/wwwroot/dlfblog/protected/components/Controller.php(31): Options::model()
#9 /home/wwwroot/dlfblog/framework/web/CWebApplication.php(275): Controller->init()
#10 /home/wwwroot/dlfblog/framework/web/CWebApplication.php(135): CWebApplication->runController('')
#11 /home/wwwroot/dlfblog/framework/base/CApplication.php(162): CWebApplication->processRequest()
#12 /home/wwwroot/dlfblog/index.php(13): CApplication->run()
#13 {main}
REQUEST_URI=/dlfblog/
---
2012/04/18 11:19:16 [error] [exception.CDbException] exception 'CDbException' with message 'CDbConnection failed to open the DB connection: SQLSTATE[28000] [1045] Access denied for user 'root'@'localhost' (using password: YES)' in /home/wwwroot/dlfblog/framework/db/CDbConnection.php:382
Stack trace:
#0 /home/wwwroot/dlfblog/framework/db/CDbConnection.php(331): CDbConnection->open()
#1 /home/wwwroot/dlfblog/framework/db/CDbConnection.php(309): CDbConnection->setActive(true)
#2 /home/wwwroot/dlfblog/framework/base/CModule.php(388): CDbConnection->init()
#3 /home/wwwroot/dlfblog/framework/base/CApplication.php(431): CModule->getComponent('db')
#4 /home/wwwroot/dlfblog/framework/db/ar/CActiveRecord.php(615): CApplication->getDb()
#5 /home/wwwroot/dlfblog/framework/db/ar/CActiveRecord.php(2263): CActiveRecord->getDbConnection()
#6 /home/wwwroot/dlfblog/framework/db/ar/CActiveRecord.php(379): CActiveRecordMetaData->__construct(Object(Options))
#7 /home/wwwroot/dlfblog/protected/models/Options.php(20): CActiveRecord::model('Options')
#8 /home/wwwroot/dlfblog/protected/components/Controller.php(31): Options::model()
#9 /home/wwwroot/dlfblog/framework/web/CWebApplication.php(275): Controller->init()
#10 /home/wwwroot/dlfblog/framework/web/CWebApplication.php(135): CWebApplication->runController('')
#11 /home/wwwroot/dlfblog/framework/base/CApplication.php(162): CWebApplication->processRequest()
#12 /home/wwwroot/dlfblog/index.php(13): CApplication->run()
#13 {main}
REQUEST_URI=/dlfblog/
---
2012/04/18 11:19:20 [error] [exception.CDbException] exception 'CDbException' with message 'CDbConnection failed to open the DB connection: SQLSTATE[28000] [1045] Access denied for user 'root'@'localhost' (using password: YES)' in /home/wwwroot/dlfblog/framework/db/CDbConnection.php:382
Stack trace:
#0 /home/wwwroot/dlfblog/framework/db/CDbConnection.php(331): CDbConnection->open()
#1 /home/wwwroot/dlfblog/framework/db/CDbConnection.php(309): CDbConnection->setActive(true)
#2 /home/wwwroot/dlfblog/framework/base/CModule.php(388): CDbConnection->init()
#3 /home/wwwroot/dlfblog/framework/base/CApplication.php(431): CModule->getComponent('db')
#4 /home/wwwroot/dlfblog/framework/db/ar/CActiveRecord.php(615): CApplication->getDb()
#5 /home/wwwroot/dlfblog/framework/db/ar/CActiveRecord.php(2263): CActiveRecord->getDbConnection()
#6 /home/wwwroot/dlfblog/framework/db/ar/CActiveRecord.php(379): CActiveRecordMetaData->__construct(Object(Options))
#7 /home/wwwroot/dlfblog/protected/models/Options.php(20): CActiveRecord::model('Options')
#8 /home/wwwroot/dlfblog/protected/components/Controller.php(31): Options::model()
#9 /home/wwwroot/dlfblog/framework/web/CWebApplication.php(275): Controller->init()
#10 /home/wwwroot/dlfblog/framework/web/CWebApplication.php(135): CWebApplication->runController('')
#11 /home/wwwroot/dlfblog/framework/base/CApplication.php(162): CWebApplication->processRequest()
#12 /home/wwwroot/dlfblog/index.php(13): CApplication->run()
#13 {main}
REQUEST_URI=/dlfblog/
---
2012/04/18 11:20:33 [error] [exception.CException] exception 'CException' with message 'CAssetManager.basePath "/home/wwwroot/dlfblog/assets" is invalid. Please make sure the directory exists and is writable by the Web server process.' in /home/wwwroot/dlfblog/framework/web/CAssetManager.php:116
Stack trace:
#0 /home/wwwroot/dlfblog/framework/web/CAssetManager.php(101): CAssetManager->setBasePath('/home/wwwroot/d...')
#1 /home/wwwroot/dlfblog/framework/web/CAssetManager.php(219): CAssetManager->getBasePath()
#2 /home/wwwroot/dlfblog/framework/zii/widgets/CListView.php(179): CAssetManager->publish('/home/wwwroot/d...')
#3 /home/wwwroot/dlfblog/framework/web/CBaseController.php(148): CListView->init()
#4 /home/wwwroot/dlfblog/framework/web/CBaseController.php(173): CBaseController->createWidget('zii.widgets.CLi...', Array)
#5 /home/wwwroot/dlfblog/protected/views/home/index.php(10): CBaseController->widget('zii.widgets.CLi...', Array)
#6 /home/wwwroot/dlfblog/framework/web/CBaseController.php(127): require('/home/wwwroot/d...')
#7 /home/wwwroot/dlfblog/framework/web/CBaseController.php(96): CBaseController->renderInternal('/home/wwwroot/d...', Array, true)
#8 /home/wwwroot/dlfblog/framework/web/CController.php(870): CBaseController->renderFile('/home/wwwroot/d...', Array, true)
#9 /home/wwwroot/dlfblog/framework/web/CController.php(783): CController->renderPartial('index', Array, true)
#10 /home/wwwroot/dlfblog/protected/controllers/HomeController.php(66): CController->render('index', Array)
#11 /home/wwwroot/dlfblog/framework/web/actions/CInlineAction.php(50): HomeController->actionIndex()
#12 /home/wwwroot/dlfblog/framework/web/CController.php(309): CInlineAction->runWithParams(Array)
#13 /home/wwwroot/dlfblog/framework/web/filters/CFilterChain.php(134): CController->runAction(Object(CInlineAction))
#14 /home/wwwroot/dlfblog/framework/web/filters/CFilter.php(41): CFilterChain->run()
#15 /home/wwwroot/dlfblog/framework/web/CController.php(1146): CFilter->filter(Object(CFilterChain))
#16 /home/wwwroot/dlfblog/framework/web/filters/CInlineFilter.php(59): CController->filterAccessControl(Object(CFilterChain))
#17 /home/wwwroot/dlfblog/framework/web/filters/CFilterChain.php(131): CInlineFilter->filter(Object(CFilterChain))
#18 /home/wwwroot/dlfblog/framework/web/CController.php(292): CFilterChain->run()
#19 /home/wwwroot/dlfblog/framework/web/CController.php(266): CController->runActionWithFilters(Object(CInlineAction), Array)
#20 /home/wwwroot/dlfblog/framework/web/CWebApplication.php(276): CController->run('')
#21 /home/wwwroot/dlfblog/framework/web/CWebApplication.php(135): CWebApplication->runController('')
#22 /home/wwwroot/dlfblog/framework/base/CApplication.php(162): CWebApplication->processRequest()
#23 /home/wwwroot/dlfblog/index.php(13): CApplication->run()
#24 {main}
REQUEST_URI=/dlfblog/
---
2012/04/18 11:21:56 [error] [exception.CException] exception 'CException' with message 'Property "Comment.create_time" is not defined.' in /home/wwwroot/dlfblog/framework/base/CComponent.php:131
Stack trace:
#0 /home/wwwroot/dlfblog/framework/db/ar/CActiveRecord.php(144): CComponent->__get('create_time')
#1 /home/wwwroot/dlfblog/protected/views/comment/_view.php(25): CActiveRecord->__get('create_time')
#2 /home/wwwroot/dlfblog/framework/web/CBaseController.php(127): require('/home/wwwroot/d...')
#3 /home/wwwroot/dlfblog/framework/web/CBaseController.php(96): CBaseController->renderInternal('/home/wwwroot/d...', Array, true)
#4 /home/wwwroot/dlfblog/framework/web/CController.php(870): CBaseController->renderFile('/home/wwwroot/d...', Array, true)
#5 /home/wwwroot/dlfblog/framework/zii/widgets/CListView.php(242): CController->renderPartial('_view', Array)
#6 /home/wwwroot/dlfblog/framework/zii/widgets/CBaseListView.php(158): CListView->renderItems()
#7 [internal function]: CBaseListView->renderSection(Array)
#8 /home/wwwroot/dlfblog/framework/zii/widgets/CBaseListView.php(141): preg_replace_callback('/{(\w+)}/', Array, '{summary}?{sort...')
#9 /home/wwwroot/dlfblog/framework/zii/widgets/CBaseListView.php(126): CBaseListView->renderContent()
#10 /home/wwwroot/dlfblog/framework/web/CBaseController.php(174): CBaseListView->run()
#11 /home/wwwroot/dlfblog/protected/views/comment/index.php(23): CBaseController->widget('zii.widgets.CLi...', Array)
#12 /home/wwwroot/dlfblog/framework/web/CBaseController.php(127): require('/home/wwwroot/d...')
#13 /home/wwwroot/dlfblog/framework/web/CBaseController.php(96): CBaseController->renderInternal('/home/wwwroot/d...', Array, true)
#14 /home/wwwroot/dlfblog/framework/web/CController.php(870): CBaseController->renderFile('/home/wwwroot/d...', Array, true)
#15 /home/wwwroot/dlfblog/framework/web/CController.php(783): CController->renderPartial('index', Array, true)
#16 /home/wwwroot/dlfblog/protected/controllers/CommentController.php(133): CController->render('index', Array)
#17 /home/wwwroot/dlfblog/framework/web/actions/CInlineAction.php(50): CommentController->actionIndex()
#18 /home/wwwroot/dlfblog/framework/web/CController.php(309): CInlineAction->runWithParams(Array)
#19 /home/wwwroot/dlfblog/framework/web/filters/CFilterChain.php(134): CController->runAction(Object(CInlineAction))
#20 /home/wwwroot/dlfblog/framework/web/filters/CFilter.php(41): CFilterChain->run()
#21 /home/wwwroot/dlfblog/framework/web/CController.php(1146): CFilter->filter(Object(CFilterChain))
#22 /home/wwwroot/dlfblog/framework/web/filters/CInlineFilter.php(59): CController->filterAccessControl(Object(CFilterChain))
#23 /home/wwwroot/dlfblog/framework/web/filters/CFilterChain.php(131): CInlineFilter->filter(Object(CFilterChain))
#24 /home/wwwroot/dlfblog/framework/web/CController.php(292): CFilterChain->run()
#25 /home/wwwroot/dlfblog/framework/web/CController.php(266): CController->runActionWithFilters(Object(CInlineAction), Array)
#26 /home/wwwroot/dlfblog/framework/web/CWebApplication.php(276): CController->run('index')
#27 /home/wwwroot/dlfblog/framework/web/CWebApplication.php(135): CWebApplication->runController('comment/index')
#28 /home/wwwroot/dlfblog/framework/base/CApplication.php(162): CWebApplication->processRequest()
#29 /home/wwwroot/dlfblog/index.php(13): CApplication->run()
#30 {main}
REQUEST_URI=/dlfblog/index.php/comment/index
HTTP_REFERER=http://74.82.166.55/dlfblog/index.php/home
---
2012/04/18 15:57:15 [error] [exception.CHttpException.404] exception 'CHttpException' with message 'Unable to resolve the request "0".' in /home/wwwroot/dlfblog/framework/web/CWebApplication.php:280
Stack trace:
#0 /home/wwwroot/dlfblog/framework/web/CWebApplication.php(135): CWebApplication->runController('0')
#1 /home/wwwroot/dlfblog/framework/base/CApplication.php(162): CWebApplication->processRequest()
#2 /home/wwwroot/dlfblog/index.php(13): CApplication->run()
#3 {main}
REQUEST_URI=/dlfblog/0
---
2012/04/18 21:22:18 [error] [exception.CException] exception 'CException' with message 'Property "Comment.create_time" is not defined.' in /home/wwwroot/dlfblog/framework/base/CComponent.php:131
Stack trace:
#0 /home/wwwroot/dlfblog/framework/db/ar/CActiveRecord.php(144): CComponent->__get('create_time')
#1 /home/wwwroot/dlfblog/protected/views/comment/_view.php(25): CActiveRecord->__get('create_time')
#2 /home/wwwroot/dlfblog/framework/web/CBaseController.php(127): require('/home/wwwroot/d...')
#3 /home/wwwroot/dlfblog/framework/web/CBaseController.php(96): CBaseController->renderInternal('/home/wwwroot/d...', Array, true)
#4 /home/wwwroot/dlfblog/framework/web/CController.php(870): CBaseController->renderFile('/home/wwwroot/d...', Array, true)
#5 /home/wwwroot/dlfblog/framework/zii/widgets/CListView.php(242): CController->renderPartial('_view', Array)
#6 /home/wwwroot/dlfblog/framework/zii/widgets/CBaseListView.php(158): CListView->renderItems()
#7 [internal function]: CBaseListView->renderSection(Array)
#8 /home/wwwroot/dlfblog/framework/zii/widgets/CBaseListView.php(141): preg_replace_callback('/{(\w+)}/', Array, '{summary}?{sort...')
#9 /home/wwwroot/dlfblog/framework/zii/widgets/CBaseListView.php(126): CBaseListView->renderContent()
#10 /home/wwwroot/dlfblog/framework/web/CBaseController.php(174): CBaseListView->run()
#11 /home/wwwroot/dlfblog/protected/views/comment/index.php(23): CBaseController->widget('zii.widgets.CLi...', Array)
#12 /home/wwwroot/dlfblog/framework/web/CBaseController.php(127): require('/home/wwwroot/d...')
#13 /home/wwwroot/dlfblog/framework/web/CBaseController.php(96): CBaseController->renderInternal('/home/wwwroot/d...', Array, true)
#14 /home/wwwroot/dlfblog/framework/web/CController.php(870): CBaseController->renderFile('/home/wwwroot/d...', Array, true)
#15 /home/wwwroot/dlfblog/framework/web/CController.php(783): CController->renderPartial('index', Array, true)
#16 /home/wwwroot/dlfblog/protected/controllers/CommentController.php(133): CController->render('index', Array)
#17 /home/wwwroot/dlfblog/framework/web/actions/CInlineAction.php(50): CommentController->actionIndex()
#18 /home/wwwroot/dlfblog/framework/web/CController.php(309): CInlineAction->runWithParams(Array)
#19 /home/wwwroot/dlfblog/framework/web/filters/CFilterChain.php(134): CController->runAction(Object(CInlineAction))
#20 /home/wwwroot/dlfblog/framework/web/filters/CFilter.php(41): CFilterChain->run()
#21 /home/wwwroot/dlfblog/framework/web/CController.php(1146): CFilter->filter(Object(CFilterChain))
#22 /home/wwwroot/dlfblog/framework/web/filters/CInlineFilter.php(59): CController->filterAccessControl(Object(CFilterChain))
#23 /home/wwwroot/dlfblog/framework/web/filters/CFilterChain.php(131): CInlineFilter->filter(Object(CFilterChain))
#24 /home/wwwroot/dlfblog/framework/web/CController.php(292): CFilterChain->run()
#25 /home/wwwroot/dlfblog/framework/web/CController.php(266): CController->runActionWithFilters(Object(CInlineAction), Array)
#26 /home/wwwroot/dlfblog/framework/web/CWebApplication.php(276): CController->run('index')
#27 /home/wwwroot/dlfblog/framework/web/CWebApplication.php(135): CWebApplication->runController('comment/index')
#28 /home/wwwroot/dlfblog/framework/base/CApplication.php(162): CWebApplication->processRequest()
#29 /home/wwwroot/dlfblog/index.php(13): CApplication->run()
#30 {main}
REQUEST_URI=/dlfblog/index.php/comment/index
HTTP_REFERER=http://74.82.166.55/dlfblog/index.php/post/3?title=%E6%88%91%E7%9A%84%E5%8D%9A%E5%AE%A2
---
2012/04/18 21:22:19 [error] [exception.CException] exception 'CException' with message 'Property "Comment.create_time" is not defined.' in /home/wwwroot/dlfblog/framework/base/CComponent.php:131
Stack trace:
#0 /home/wwwroot/dlfblog/framework/db/ar/CActiveRecord.php(144): CComponent->__get('create_time')
#1 /home/wwwroot/dlfblog/protected/views/comment/_view.php(25): CActiveRecord->__get('create_time')
#2 /home/wwwroot/dlfblog/framework/web/CBaseController.php(127): require('/home/wwwroot/d...')
#3 /home/wwwroot/dlfblog/framework/web/CBaseController.php(96): CBaseController->renderInternal('/home/wwwroot/d...', Array, true)
#4 /home/wwwroot/dlfblog/framework/web/CController.php(870): CBaseController->renderFile('/home/wwwroot/d...', Array, true)
#5 /home/wwwroot/dlfblog/framework/zii/widgets/CListView.php(242): CController->renderPartial('_view', Array)
#6 /home/wwwroot/dlfblog/framework/zii/widgets/CBaseListView.php(158): CListView->renderItems()
#7 [internal function]: CBaseListView->renderSection(Array)
#8 /home/wwwroot/dlfblog/framework/zii/widgets/CBaseListView.php(141): preg_replace_callback('/{(\w+)}/', Array, '{summary}?{sort...')
#9 /home/wwwroot/dlfblog/framework/zii/widgets/CBaseListView.php(126): CBaseListView->renderContent()
#10 /home/wwwroot/dlfblog/framework/web/CBaseController.php(174): CBaseListView->run()
#11 /home/wwwroot/dlfblog/protected/views/comment/index.php(23): CBaseController->widget('zii.widgets.CLi...', Array)
#12 /home/wwwroot/dlfblog/framework/web/CBaseController.php(127): require('/home/wwwroot/d...')
#13 /home/wwwroot/dlfblog/framework/web/CBaseController.php(96): CBaseController->renderInternal('/home/wwwroot/d...', Array, true)
#14 /home/wwwroot/dlfblog/framework/web/CController.php(870): CBaseController->renderFile('/home/wwwroot/d...', Array, true)
#15 /home/wwwroot/dlfblog/framework/web/CController.php(783): CController->renderPartial('index', Array, true)
#16 /home/wwwroot/dlfblog/protected/controllers/CommentController.php(133): CController->render('index', Array)
#17 /home/wwwroot/dlfblog/framework/web/actions/CInlineAction.php(50): CommentController->actionIndex()
#18 /home/wwwroot/dlfblog/framework/web/CController.php(309): CInlineAction->runWithParams(Array)
#19 /home/wwwroot/dlfblog/framework/web/filters/CFilterChain.php(134): CController->runAction(Object(CInlineAction))
#20 /home/wwwroot/dlfblog/framework/web/filters/CFilter.php(41): CFilterChain->run()
#21 /home/wwwroot/dlfblog/framework/web/CController.php(1146): CFilter->filter(Object(CFilterChain))
#22 /home/wwwroot/dlfblog/framework/web/filters/CInlineFilter.php(59): CController->filterAccessControl(Object(CFilterChain))
#23 /home/wwwroot/dlfblog/framework/web/filters/CFilterChain.php(131): CInlineFilter->filter(Object(CFilterChain))
#24 /home/wwwroot/dlfblog/framework/web/CController.php(292): CFilterChain->run()
#25 /home/wwwroot/dlfblog/framework/web/CController.php(266): CController->runActionWithFilters(Object(CInlineAction), Array)
#26 /home/wwwroot/dlfblog/framework/web/CWebApplication.php(276): CController->run('index')
#27 /home/wwwroot/dlfblog/framework/web/CWebApplication.php(135): CWebApplication->runController('comment/index')
#28 /home/wwwroot/dlfblog/framework/base/CApplication.php(162): CWebApplication->processRequest()
#29 /home/wwwroot/dlfblog/index.php(13): CApplication->run()
#30 {main}
REQUEST_URI=/dlfblog/index.php/comment/index
---
2012/04/18 21:22:20 [error] [exception.CException] exception 'CException' with message 'Property "Comment.create_time" is not defined.' in /home/wwwroot/dlfblog/framework/base/CComponent.php:131
Stack trace:
#0 /home/wwwroot/dlfblog/framework/db/ar/CActiveRecord.php(144): CComponent->__get('create_time')
#1 /home/wwwroot/dlfblog/protected/views/comment/_view.php(25): CActiveRecord->__get('create_time')
#2 /home/wwwroot/dlfblog/framework/web/CBaseController.php(127): require('/home/wwwroot/d...')
#3 /home/wwwroot/dlfblog/framework/web/CBaseController.php(96): CBaseController->renderInternal('/home/wwwroot/d...', Array, true)
#4 /home/wwwroot/dlfblog/framework/web/CController.php(870): CBaseController->renderFile('/home/wwwroot/d...', Array, true)
#5 /home/wwwroot/dlfblog/framework/zii/widgets/CListView.php(242): CController->renderPartial('_view', Array)
#6 /home/wwwroot/dlfblog/framework/zii/widgets/CBaseListView.php(158): CListView->renderItems()
#7 [internal function]: CBaseListView->renderSection(Array)
#8 /home/wwwroot/dlfblog/framework/zii/widgets/CBaseListView.php(141): preg_replace_callback('/{(\w+)}/', Array, '{summary}?{sort...')
#9 /home/wwwroot/dlfblog/framework/zii/widgets/CBaseListView.php(126): CBaseListView->renderContent()
#10 /home/wwwroot/dlfblog/framework/web/CBaseController.php(174): CBaseListView->run()
#11 /home/wwwroot/dlfblog/protected/views/comment/index.php(23): CBaseController->widget('zii.widgets.CLi...', Array)
#12 /home/wwwroot/dlfblog/framework/web/CBaseController.php(127): require('/home/wwwroot/d...')
#13 /home/wwwroot/dlfblog/framework/web/CBaseController.php(96): CBaseController->renderInternal('/home/wwwroot/d...', Array, true)
#14 /home/wwwroot/dlfblog/framework/web/CController.php(870): CBaseController->renderFile('/home/wwwroot/d...', Array, true)
#15 /home/wwwroot/dlfblog/framework/web/CController.php(783): CController->renderPartial('index', Array, true)
#16 /home/wwwroot/dlfblog/protected/controllers/CommentController.php(133): CController->render('index', Array)
#17 /home/wwwroot/dlfblog/framework/web/actions/CInlineAction.php(50): CommentController->actionIndex()
#18 /home/wwwroot/dlfblog/framework/web/CController.php(309): CInlineAction->runWithParams(Array)
#19 /home/wwwroot/dlfblog/framework/web/filters/CFilterChain.php(134): CController->runAction(Object(CInlineAction))
#20 /home/wwwroot/dlfblog/framework/web/filters/CFilter.php(41): CFilterChain->run()
#21 /home/wwwroot/dlfblog/framework/web/CController.php(1146): CFilter->filter(Object(CFilterChain))
#22 /home/wwwroot/dlfblog/framework/web/filters/CInlineFilter.php(59): CController->filterAccessControl(Object(CFilterChain))
#23 /home/wwwroot/dlfblog/framework/web/filters/CFilterChain.php(131): CInlineFilter->filter(Object(CFilterChain))
#24 /home/wwwroot/dlfblog/framework/web/CController.php(292): CFilterChain->run()
#25 /home/wwwroot/dlfblog/framework/web/CController.php(266): CController->runActionWithFilters(Object(CInlineAction), Array)
#26 /home/wwwroot/dlfblog/framework/web/CWebApplication.php(276): CController->run('index')
#27 /home/wwwroot/dlfblog/framework/web/CWebApplication.php(135): CWebApplication->runController('comment/index')
#28 /home/wwwroot/dlfblog/framework/base/CApplication.php(162): CWebApplication->processRequest()
#29 /home/wwwroot/dlfblog/index.php(13): CApplication->run()
#30 {main}
REQUEST_URI=/dlfblog/index.php/comment/index
---
2012/04/18 21:23:20 [error] [exception.CException] exception 'CException' with message 'Property "Comment.create_time" is not defined.' in /home/wwwroot/dlfblog/framework/base/CComponent.php:131
Stack trace:
#0 /home/wwwroot/dlfblog/framework/db/ar/CActiveRecord.php(144): CComponent->__get('create_time')
#1 /home/wwwroot/dlfblog/protected/views/comment/_view.php(25): CActiveRecord->__get('create_time')
#2 /home/wwwroot/dlfblog/framework/web/CBaseController.php(127): require('/home/wwwroot/d...')
#3 /home/wwwroot/dlfblog/framework/web/CBaseController.php(96): CBaseController->renderInternal('/home/wwwroot/d...', Array, true)
#4 /home/wwwroot/dlfblog/framework/web/CController.php(870): CBaseController->renderFile('/home/wwwroot/d...', Array, true)
#5 /home/wwwroot/dlfblog/framework/zii/widgets/CListView.php(242): CController->renderPartial('_view', Array)
#6 /home/wwwroot/dlfblog/framework/zii/widgets/CBaseListView.php(158): CListView->renderItems()
#7 [internal function]: CBaseListView->renderSection(Array)
#8 /home/wwwroot/dlfblog/framework/zii/widgets/CBaseListView.php(141): preg_replace_callback('/{(\w+)}/', Array, '{summary}?{sort...')
#9 /home/wwwroot/dlfblog/framework/zii/widgets/CBaseListView.php(126): CBaseListView->renderContent()
#10 /home/wwwroot/dlfblog/framework/web/CBaseController.php(174): CBaseListView->run()
#11 /home/wwwroot/dlfblog/protected/views/comment/index.php(23): CBaseController->widget('zii.widgets.CLi...', Array)
#12 /home/wwwroot/dlfblog/framework/web/CBaseController.php(127): require('/home/wwwroot/d...')
#13 /home/wwwroot/dlfblog/framework/web/CBaseController.php(96): CBaseController->renderInternal('/home/wwwroot/d...', Array, true)
#14 /home/wwwroot/dlfblog/framework/web/CController.php(870): CBaseController->renderFile('/home/wwwroot/d...', Array, true)
#15 /home/wwwroot/dlfblog/framework/web/CController.php(783): CController->renderPartial('index', Array, true)
#16 /home/wwwroot/dlfblog/protected/controllers/CommentController.php(133): CController->render('index', Array)
#17 /home/wwwroot/dlfblog/framework/web/actions/CInlineAction.php(50): CommentController->actionIndex()
#18 /home/wwwroot/dlfblog/framework/web/CController.php(309): CInlineAction->runWithParams(Array)
#19 /home/wwwroot/dlfblog/framework/web/filters/CFilterChain.php(134): CController->runAction(Object(CInlineAction))
#20 /home/wwwroot/dlfblog/framework/web/filters/CFilter.php(41): CFilterChain->run()
#21 /home/wwwroot/dlfblog/framework/web/CController.php(1146): CFilter->filter(Object(CFilterChain))
#22 /home/wwwroot/dlfblog/framework/web/filters/CInlineFilter.php(59): CController->filterAccessControl(Object(CFilterChain))
#23 /home/wwwroot/dlfblog/framework/web/filters/CFilterChain.php(131): CInlineFilter->filter(Object(CFilterChain))
#24 /home/wwwroot/dlfblog/framework/web/CController.php(292): CFilterChain->run()
#25 /home/wwwroot/dlfblog/framework/web/CController.php(266): CController->runActionWithFilters(Object(CInlineAction), Array)
#26 /home/wwwroot/dlfblog/framework/web/CWebApplication.php(276): CController->run('index')
#27 /home/wwwroot/dlfblog/framework/web/CWebApplication.php(135): CWebApplication->runController('comment/index')
#28 /home/wwwroot/dlfblog/framework/base/CApplication.php(162): CWebApplication->processRequest()
#29 /home/wwwroot/dlfblog/index.php(13): CApplication->run()
#30 {main}
REQUEST_URI=/dlfblog/index.php/comment/index
---
2012/04/18 21:24:23 [error] [exception.CException] exception 'CException' with message 'Property "Comment.create_time" is not defined.' in /home/wwwroot/dlfblog/framework/base/CComponent.php:131
Stack trace:
#0 /home/wwwroot/dlfblog/framework/db/ar/CActiveRecord.php(144): CComponent->__get('create_time')
#1 /home/wwwroot/dlfblog/protected/views/comment/_view.php(25): CActiveRecord->__get('create_time')
#2 /home/wwwroot/dlfblog/framework/web/CBaseController.php(127): require('/home/wwwroot/d...')
#3 /home/wwwroot/dlfblog/framework/web/CBaseController.php(96): CBaseController->renderInternal('/home/wwwroot/d...', Array, true)
#4 /home/wwwroot/dlfblog/framework/web/CController.php(870): CBaseController->renderFile('/home/wwwroot/d...', Array, true)
#5 /home/wwwroot/dlfblog/framework/zii/widgets/CListView.php(242): CController->renderPartial('_view', Array)
#6 /home/wwwroot/dlfblog/framework/zii/widgets/CBaseListView.php(158): CListView->renderItems()
#7 [internal function]: CBaseListView->renderSection(Array)
#8 /home/wwwroot/dlfblog/framework/zii/widgets/CBaseListView.php(141): preg_replace_callback('/{(\w+)}/', Array, '{summary}?{sort...')
#9 /home/wwwroot/dlfblog/framework/zii/widgets/CBaseListView.php(126): CBaseListView->renderContent()
#10 /home/wwwroot/dlfblog/framework/web/CBaseController.php(174): CBaseListView->run()
#11 /home/wwwroot/dlfblog/protected/views/comment/index.php(23): CBaseController->widget('zii.widgets.CLi...', Array)
#12 /home/wwwroot/dlfblog/framework/web/CBaseController.php(127): require('/home/wwwroot/d...')
#13 /home/wwwroot/dlfblog/framework/web/CBaseController.php(96): CBaseController->renderInternal('/home/wwwroot/d...', Array, true)
#14 /home/wwwroot/dlfblog/framework/web/CController.php(870): CBaseController->renderFile('/home/wwwroot/d...', Array, true)
#15 /home/wwwroot/dlfblog/framework/web/CController.php(783): CController->renderPartial('index', Array, true)
#16 /home/wwwroot/dlfblog/protected/controllers/CommentController.php(133): CController->render('index', Array)
#17 /home/wwwroot/dlfblog/framework/web/actions/CInlineAction.php(50): CommentController->actionIndex()
#18 /home/wwwroot/dlfblog/framework/web/CController.php(309): CInlineAction->runWithParams(Array)
#19 /home/wwwroot/dlfblog/framework/web/filters/CFilterChain.php(134): CController->runAction(Object(CInlineAction))
#20 /home/wwwroot/dlfblog/framework/web/filters/CFilter.php(41): CFilterChain->run()
#21 /home/wwwroot/dlfblog/framework/web/CController.php(1146): CFilter->filter(Object(CFilterChain))
#22 /home/wwwroot/dlfblog/framework/web/filters/CInlineFilter.php(59): CController->filterAccessControl(Object(CFilterChain))
#23 /home/wwwroot/dlfblog/framework/web/filters/CFilterChain.php(131): CInlineFilter->filter(Object(CFilterChain))
#24 /home/wwwroot/dlfblog/framework/web/CController.php(292): CFilterChain->run()
#25 /home/wwwroot/dlfblog/framework/web/CController.php(266): CController->runActionWithFilters(Object(CInlineAction), Array)
#26 /home/wwwroot/dlfblog/framework/web/CWebApplication.php(276): CController->run('index')
#27 /home/wwwroot/dlfblog/framework/web/CWebApplication.php(135): CWebApplication->runController('comment/index')
#28 /home/wwwroot/dlfblog/framework/base/CApplication.php(162): CWebApplication->processRequest()
#29 /home/wwwroot/dlfblog/index.php(13): CApplication->run()
#30 {main}
REQUEST_URI=/dlfblog/index.php/comment/index
---
2012/04/18 21:25:23 [error] [exception.CException] exception 'CException' with message 'Property "Comment.create_time" is not defined.' in /home/wwwroot/dlfblog/framework/base/CComponent.php:131
Stack trace:
#0 /home/wwwroot/dlfblog/framework/db/ar/CActiveRecord.php(144): CComponent->__get('create_time')
#1 /home/wwwroot/dlfblog/protected/views/comment/_view.php(25): CActiveRecord->__get('create_time')
#2 /home/wwwroot/dlfblog/framework/web/CBaseController.php(127): require('/home/wwwroot/d...')
#3 /home/wwwroot/dlfblog/framework/web/CBaseController.php(96): CBaseController->renderInternal('/home/wwwroot/d...', Array, true)
#4 /home/wwwroot/dlfblog/framework/web/CController.php(870): CBaseController->renderFile('/home/wwwroot/d...', Array, true)
#5 /home/wwwroot/dlfblog/framework/zii/widgets/CListView.php(242): CController->renderPartial('_view', Array)
#6 /home/wwwroot/dlfblog/framework/zii/widgets/CBaseListView.php(158): CListView->renderItems()
#7 [internal function]: CBaseListView->renderSection(Array)
#8 /home/wwwroot/dlfblog/framework/zii/widgets/CBaseListView.php(141): preg_replace_callback('/{(\w+)}/', Array, '{summary}?{sort...')
#9 /home/wwwroot/dlfblog/framework/zii/widgets/CBaseListView.php(126): CBaseListView->renderContent()
#10 /home/wwwroot/dlfblog/framework/web/CBaseController.php(174): CBaseListView->run()
#11 /home/wwwroot/dlfblog/protected/views/comment/index.php(23): CBaseController->widget('zii.widgets.CLi...', Array)
#12 /home/wwwroot/dlfblog/framework/web/CBaseController.php(127): require('/home/wwwroot/d...')
#13 /home/wwwroot/dlfblog/framework/web/CBaseController.php(96): CBaseController->renderInternal('/home/wwwroot/d...', Array, true)
#14 /home/wwwroot/dlfblog/framework/web/CController.php(870): CBaseController->renderFile('/home/wwwroot/d...', Array, true)
#15 /home/wwwroot/dlfblog/framework/web/CController.php(783): CController->renderPartial('index', Array, true)
#16 /home/wwwroot/dlfblog/protected/controllers/CommentController.php(133): CController->render('index', Array)
#17 /home/wwwroot/dlfblog/framework/web/actions/CInlineAction.php(50): CommentController->actionIndex()
#18 /home/wwwroot/dlfblog/framework/web/CController.php(309): CInlineAction->runWithParams(Array)
#19 /home/wwwroot/dlfblog/framework/web/filters/CFilterChain.php(134): CController->runAction(Object(CInlineAction))
#20 /home/wwwroot/dlfblog/framework/web/filters/CFilter.php(41): CFilterChain->run()
#21 /home/wwwroot/dlfblog/framework/web/CController.php(1146): CFilter->filter(Object(CFilterChain))
#22 /home/wwwroot/dlfblog/framework/web/filters/CInlineFilter.php(59): CController->filterAccessControl(Object(CFilterChain))
#23 /home/wwwroot/dlfblog/framework/web/filters/CFilterChain.php(131): CInlineFilter->filter(Object(CFilterChain))
#24 /home/wwwroot/dlfblog/framework/web/CController.php(292): CFilterChain->run()
#25 /home/wwwroot/dlfblog/framework/web/CController.php(266): CController->runActionWithFilters(Object(CInlineAction), Array)
#26 /home/wwwroot/dlfblog/framework/web/CWebApplication.php(276): CController->run('index')
#27 /home/wwwroot/dlfblog/framework/web/CWebApplication.php(135): CWebApplication->runController('comment/index')
#28 /home/wwwroot/dlfblog/framework/base/CApplication.php(162): CWebApplication->processRequest()
#29 /home/wwwroot/dlfblog/index.php(13): CApplication->run()
#30 {main}
REQUEST_URI=/dlfblog/index.php/comment/index
---
2012/04/19 11:54:19 [error] [exception.CException] exception 'CException' with message 'Property "Comment.create_time" is not defined.' in /home/wwwroot/dlfblog/framework/base/CComponent.php:131
Stack trace:
#0 /home/wwwroot/dlfblog/framework/db/ar/CActiveRecord.php(144): CComponent->__get('create_time')
#1 /home/wwwroot/dlfblog/protected/views/comment/_view.php(25): CActiveRecord->__get('create_time')
#2 /home/wwwroot/dlfblog/framework/web/CBaseController.php(127): require('/home/wwwroot/d...')
#3 /home/wwwroot/dlfblog/framework/web/CBaseController.php(96): CBaseController->renderInternal('/home/wwwroot/d...', Array, true)
#4 /home/wwwroot/dlfblog/framework/web/CController.php(870): CBaseController->renderFile('/home/wwwroot/d...', Array, true)
#5 /home/wwwroot/dlfblog/framework/zii/widgets/CListView.php(242): CController->renderPartial('_view', Array)
#6 /home/wwwroot/dlfblog/framework/zii/widgets/CBaseListView.php(158): CListView->renderItems()
#7 [internal function]: CBaseListView->renderSection(Array)
#8 /home/wwwroot/dlfblog/framework/zii/widgets/CBaseListView.php(141): preg_replace_callback('/{(\w+)}/', Array, '{summary}?{sort...')
#9 /home/wwwroot/dlfblog/framework/zii/widgets/CBaseListView.php(126): CBaseListView->renderContent()
#10 /home/wwwroot/dlfblog/framework/web/CBaseController.php(174): CBaseListView->run()
#11 /home/wwwroot/dlfblog/protected/views/comment/index.php(23): CBaseController->widget('zii.widgets.CLi...', Array)
#12 /home/wwwroot/dlfblog/framework/web/CBaseController.php(127): require('/home/wwwroot/d...')
#13 /home/wwwroot/dlfblog/framework/web/CBaseController.php(96): CBaseController->renderInternal('/home/wwwroot/d...', Array, true)
#14 /home/wwwroot/dlfblog/framework/web/CController.php(870): CBaseController->renderFile('/home/wwwroot/d...', Array, true)
#15 /home/wwwroot/dlfblog/framework/web/CController.php(783): CController->renderPartial('index', Array, true)
#16 /home/wwwroot/dlfblog/protected/controllers/CommentController.php(133): CController->render('index', Array)
#17 /home/wwwroot/dlfblog/framework/web/actions/CInlineAction.php(50): CommentController->actionIndex()
#18 /home/wwwroot/dlfblog/framework/web/CController.php(309): CInlineAction->runWithParams(Array)
#19 /home/wwwroot/dlfblog/framework/web/filters/CFilterChain.php(134): CController->runAction(Object(CInlineAction))
#20 /home/wwwroot/dlfblog/framework/web/filters/CFilter.php(41): CFilterChain->run()
#21 /home/wwwroot/dlfblog/framework/web/CController.php(1146): CFilter->filter(Object(CFilterChain))
#22 /home/wwwroot/dlfblog/framework/web/filters/CInlineFilter.php(59): CController->filterAccessControl(Object(CFilterChain))
#23 /home/wwwroot/dlfblog/framework/web/filters/CFilterChain.php(131): CInlineFilter->filter(Object(CFilterChain))
#24 /home/wwwroot/dlfblog/framework/web/CController.php(292): CFilterChain->run()
#25 /home/wwwroot/dlfblog/framework/web/CController.php(266): CController->runActionWithFilters(Object(CInlineAction), Array)
#26 /home/wwwroot/dlfblog/framework/web/CWebApplication.php(276): CController->run('index')
#27 /home/wwwroot/dlfblog/framework/web/CWebApplication.php(135): CWebApplication->runController('comment/index')
#28 /home/wwwroot/dlfblog/framework/base/CApplication.php(162): CWebApplication->processRequest()
#29 /home/wwwroot/dlfblog/index.php(13): CApplication->run()
#30 {main}
REQUEST_URI=/dlfblog/index.php/comment/index
HTTP_REFERER=http://74.82.166.55/dlfblog/index.php/post/11?title=%E6%A0%87%E9%A2%98+cannot+be+blank.+
---
2012/04/19 11:54:21 [error] [exception.CException] exception 'CException' with message 'Property "Comment.create_time" is not defined.' in /home/wwwroot/dlfblog/framework/base/CComponent.php:131
Stack trace:
#0 /home/wwwroot/dlfblog/framework/db/ar/CActiveRecord.php(144): CComponent->__get('create_time')
#1 /home/wwwroot/dlfblog/protected/views/comment/_view.php(25): CActiveRecord->__get('create_time')
#2 /home/wwwroot/dlfblog/framework/web/CBaseController.php(127): require('/home/wwwroot/d...')
#3 /home/wwwroot/dlfblog/framework/web/CBaseController.php(96): CBaseController->renderInternal('/home/wwwroot/d...', Array, true)
#4 /home/wwwroot/dlfblog/framework/web/CController.php(870): CBaseController->renderFile('/home/wwwroot/d...', Array, true)
#5 /home/wwwroot/dlfblog/framework/zii/widgets/CListView.php(242): CController->renderPartial('_view', Array)
#6 /home/wwwroot/dlfblog/framework/zii/widgets/CBaseListView.php(158): CListView->renderItems()
#7 [internal function]: CBaseListView->renderSection(Array)
#8 /home/wwwroot/dlfblog/framework/zii/widgets/CBaseListView.php(141): preg_replace_callback('/{(\w+)}/', Array, '{summary}?{sort...')
#9 /home/wwwroot/dlfblog/framework/zii/widgets/CBaseListView.php(126): CBaseListView->renderContent()
#10 /home/wwwroot/dlfblog/framework/web/CBaseController.php(174): CBaseListView->run()
#11 /home/wwwroot/dlfblog/protected/views/comment/index.php(23): CBaseController->widget('zii.widgets.CLi...', Array)
#12 /home/wwwroot/dlfblog/framework/web/CBaseController.php(127): require('/home/wwwroot/d...')
#13 /home/wwwroot/dlfblog/framework/web/CBaseController.php(96): CBaseController->renderInternal('/home/wwwroot/d...', Array, true)
#14 /home/wwwroot/dlfblog/framework/web/CController.php(870): CBaseController->renderFile('/home/wwwroot/d...', Array, true)
#15 /home/wwwroot/dlfblog/framework/web/CController.php(783): CController->renderPartial('index', Array, true)
#16 /home/wwwroot/dlfblog/protected/controllers/CommentController.php(133): CController->render('index', Array)
#17 /home/wwwroot/dlfblog/framework/web/actions/CInlineAction.php(50): CommentController->actionIndex()
#18 /home/wwwroot/dlfblog/framework/web/CController.php(309): CInlineAction->runWithParams(Array)
#19 /home/wwwroot/dlfblog/framework/web/filters/CFilterChain.php(134): CController->runAction(Object(CInlineAction))
#20 /home/wwwroot/dlfblog/framework/web/filters/CFilter.php(41): CFilterChain->run()
#21 /home/wwwroot/dlfblog/framework/web/CController.php(1146): CFilter->filter(Object(CFilterChain))
#22 /home/wwwroot/dlfblog/framework/web/filters/CInlineFilter.php(59): CController->filterAccessControl(Object(CFilterChain))
#23 /home/wwwroot/dlfblog/framework/web/filters/CFilterChain.php(131): CInlineFilter->filter(Object(CFilterChain))
#24 /home/wwwroot/dlfblog/framework/web/CController.php(292): CFilterChain->run()
#25 /home/wwwroot/dlfblog/framework/web/CController.php(266): CController->runActionWithFilters(Object(CInlineAction), Array)
#26 /home/wwwroot/dlfblog/framework/web/CWebApplication.php(276): CController->run('index')
#27 /home/wwwroot/dlfblog/framework/web/CWebApplication.php(135): CWebApplication->runController('comment/index')
#28 /home/wwwroot/dlfblog/framework/base/CApplication.php(162): CWebApplication->processRequest()
#29 /home/wwwroot/dlfblog/index.php(13): CApplication->run()
#30 {main}
REQUEST_URI=/dlfblog/index.php/comment/index
---
2012/04/19 11:54:22 [error] [exception.CException] exception 'CException' with message 'Property "Comment.create_time" is not defined.' in /home/wwwroot/dlfblog/framework/base/CComponent.php:131
Stack trace:
#0 /home/wwwroot/dlfblog/framework/db/ar/CActiveRecord.php(144): CComponent->__get('create_time')
#1 /home/wwwroot/dlfblog/protected/views/comment/_view.php(25): CActiveRecord->__get('create_time')
#2 /home/wwwroot/dlfblog/framework/web/CBaseController.php(127): require('/home/wwwroot/d...')
#3 /home/wwwroot/dlfblog/framework/web/CBaseController.php(96): CBaseController->renderInternal('/home/wwwroot/d...', Array, true)
#4 /home/wwwroot/dlfblog/framework/web/CController.php(870): CBaseController->renderFile('/home/wwwroot/d...', Array, true)
#5 /home/wwwroot/dlfblog/framework/zii/widgets/CListView.php(242): CController->renderPartial('_view', Array)
#6 /home/wwwroot/dlfblog/framework/zii/widgets/CBaseListView.php(158): CListView->renderItems()
#7 [internal function]: CBaseListView->renderSection(Array)
#8 /home/wwwroot/dlfblog/framework/zii/widgets/CBaseListView.php(141): preg_replace_callback('/{(\w+)}/', Array, '{summary}?{sort...')
#9 /home/wwwroot/dlfblog/framework/zii/widgets/CBaseListView.php(126): CBaseListView->renderContent()
#10 /home/wwwroot/dlfblog/framework/web/CBaseController.php(174): CBaseListView->run()
#11 /home/wwwroot/dlfblog/protected/views/comment/index.php(23): CBaseController->widget('zii.widgets.CLi...', Array)
#12 /home/wwwroot/dlfblog/framework/web/CBaseController.php(127): require('/home/wwwroot/d...')
#13 /home/wwwroot/dlfblog/framework/web/CBaseController.php(96): CBaseController->renderInternal('/home/wwwroot/d...', Array, true)
#14 /home/wwwroot/dlfblog/framework/web/CController.php(870): CBaseController->renderFile('/home/wwwroot/d...', Array, true)
#15 /home/wwwroot/dlfblog/framework/web/CController.php(783): CController->renderPartial('index', Array, true)
#16 /home/wwwroot/dlfblog/protected/controllers/CommentController.php(133): CController->render('index', Array)
#17 /home/wwwroot/dlfblog/framework/web/actions/CInlineAction.php(50): CommentController->actionIndex()
#18 /home/wwwroot/dlfblog/framework/web/CController.php(309): CInlineAction->runWithParams(Array)
#19 /home/wwwroot/dlfblog/framework/web/filters/CFilterChain.php(134): CController->runAction(Object(CInlineAction))
#20 /home/wwwroot/dlfblog/framework/web/filters/CFilter.php(41): CFilterChain->run()
#21 /home/wwwroot/dlfblog/framework/web/CController.php(1146): CFilter->filter(Object(CFilterChain))
#22 /home/wwwroot/dlfblog/framework/web/filters/CInlineFilter.php(59): CController->filterAccessControl(Object(CFilterChain))
#23 /home/wwwroot/dlfblog/framework/web/filters/CFilterChain.php(131): CInlineFilter->filter(Object(CFilterChain))
#24 /home/wwwroot/dlfblog/framework/web/CController.php(292): CFilterChain->run()
#25 /home/wwwroot/dlfblog/framework/web/CController.php(266): CController->runActionWithFilters(Object(CInlineAction), Array)
#26 /home/wwwroot/dlfblog/framework/web/CWebApplication.php(276): CController->run('index')
#27 /home/wwwroot/dlfblog/framework/web/CWebApplication.php(135): CWebApplication->runController('comment/index')
#28 /home/wwwroot/dlfblog/framework/base/CApplication.php(162): CWebApplication->processRequest()
#29 /home/wwwroot/dlfblog/index.php(13): CApplication->run()
#30 {main}
REQUEST_URI=/dlfblog/index.php/comment/index
---
2012/04/19 11:55:22 [error] [exception.CException] exception 'CException' with message 'Property "Comment.create_time" is not defined.' in /home/wwwroot/dlfblog/framework/base/CComponent.php:131
Stack trace:
#0 /home/wwwroot/dlfblog/framework/db/ar/CActiveRecord.php(144): CComponent->__get('create_time')
#1 /home/wwwroot/dlfblog/protected/views/comment/_view.php(25): CActiveRecord->__get('create_time')
#2 /home/wwwroot/dlfblog/framework/web/CBaseController.php(127): require('/home/wwwroot/d...')
#3 /home/wwwroot/dlfblog/framework/web/CBaseController.php(96): CBaseController->renderInternal('/home/wwwroot/d...', Array, true)
#4 /home/wwwroot/dlfblog/framework/web/CController.php(870): CBaseController->renderFile('/home/wwwroot/d...', Array, true)
#5 /home/wwwroot/dlfblog/framework/zii/widgets/CListView.php(242): CController->renderPartial('_view', Array)
#6 /home/wwwroot/dlfblog/framework/zii/widgets/CBaseListView.php(158): CListView->renderItems()
#7 [internal function]: CBaseListView->renderSection(Array)
#8 /home/wwwroot/dlfblog/framework/zii/widgets/CBaseListView.php(141): preg_replace_callback('/{(\w+)}/', Array, '{summary}?{sort...')
#9 /home/wwwroot/dlfblog/framework/zii/widgets/CBaseListView.php(126): CBaseListView->renderContent()
#10 /home/wwwroot/dlfblog/framework/web/CBaseController.php(174): CBaseListView->run()
#11 /home/wwwroot/dlfblog/protected/views/comment/index.php(23): CBaseController->widget('zii.widgets.CLi...', Array)
#12 /home/wwwroot/dlfblog/framework/web/CBaseController.php(127): require('/home/wwwroot/d...')
#13 /home/wwwroot/dlfblog/framework/web/CBaseController.php(96): CBaseController->renderInternal('/home/wwwroot/d...', Array, true)
#14 /home/wwwroot/dlfblog/framework/web/CController.php(870): CBaseController->renderFile('/home/wwwroot/d...', Array, true)
#15 /home/wwwroot/dlfblog/framework/web/CController.php(783): CController->renderPartial('index', Array, true)
#16 /home/wwwroot/dlfblog/protected/controllers/CommentController.php(133): CController->render('index', Array)
#17 /home/wwwroot/dlfblog/framework/web/actions/CInlineAction.php(50): CommentController->actionIndex()
#18 /home/wwwroot/dlfblog/framework/web/CController.php(309): CInlineAction->runWithParams(Array)
#19 /home/wwwroot/dlfblog/framework/web/filters/CFilterChain.php(134): CController->runAction(Object(CInlineAction))
#20 /home/wwwroot/dlfblog/framework/web/filters/CFilter.php(41): CFilterChain->run()
#21 /home/wwwroot/dlfblog/framework/web/CController.php(1146): CFilter->filter(Object(CFilterChain))
#22 /home/wwwroot/dlfblog/framework/web/filters/CInlineFilter.php(59): CController->filterAccessControl(Object(CFilterChain))
#23 /home/wwwroot/dlfblog/framework/web/filters/CFilterChain.php(131): CInlineFilter->filter(Object(CFilterChain))
#24 /home/wwwroot/dlfblog/framework/web/CController.php(292): CFilterChain->run()
#25 /home/wwwroot/dlfblog/framework/web/CController.php(266): CController->runActionWithFilters(Object(CInlineAction), Array)
#26 /home/wwwroot/dlfblog/framework/web/CWebApplication.php(276): CController->run('index')
#27 /home/wwwroot/dlfblog/framework/web/CWebApplication.php(135): CWebApplication->runController('comment/index')
#28 /home/wwwroot/dlfblog/framework/base/CApplication.php(162): CWebApplication->processRequest()
#29 /home/wwwroot/dlfblog/index.php(13): CApplication->run()
#30 {main}
REQUEST_URI=/dlfblog/index.php/comment/index
---
2012/04/19 11:56:22 [error] [exception.CException] exception 'CException' with message 'Property "Comment.create_time" is not defined.' in /home/wwwroot/dlfblog/framework/base/CComponent.php:131
Stack trace:
#0 /home/wwwroot/dlfblog/framework/db/ar/CActiveRecord.php(144): CComponent->__get('create_time')
#1 /home/wwwroot/dlfblog/protected/views/comment/_view.php(25): CActiveRecord->__get('create_time')
#2 /home/wwwroot/dlfblog/framework/web/CBaseController.php(127): require('/home/wwwroot/d...')
#3 /home/wwwroot/dlfblog/framework/web/CBaseController.php(96): CBaseController->renderInternal('/home/wwwroot/d...', Array, true)
#4 /home/wwwroot/dlfblog/framework/web/CController.php(870): CBaseController->renderFile('/home/wwwroot/d...', Array, true)
#5 /home/wwwroot/dlfblog/framework/zii/widgets/CListView.php(242): CController->renderPartial('_view', Array)
#6 /home/wwwroot/dlfblog/framework/zii/widgets/CBaseListView.php(158): CListView->renderItems()
#7 [internal function]: CBaseListView->renderSection(Array)
#8 /home/wwwroot/dlfblog/framework/zii/widgets/CBaseListView.php(141): preg_replace_callback('/{(\w+)}/', Array, '{summary}?{sort...')
#9 /home/wwwroot/dlfblog/framework/zii/widgets/CBaseListView.php(126): CBaseListView->renderContent()
#10 /home/wwwroot/dlfblog/framework/web/CBaseController.php(174): CBaseListView->run()
#11 /home/wwwroot/dlfblog/protected/views/comment/index.php(23): CBaseController->widget('zii.widgets.CLi...', Array)
#12 /home/wwwroot/dlfblog/framework/web/CBaseController.php(127): require('/home/wwwroot/d...')
#13 /home/wwwroot/dlfblog/framework/web/CBaseController.php(96): CBaseController->renderInternal('/home/wwwroot/d...', Array, true)
#14 /home/wwwroot/dlfblog/framework/web/CController.php(870): CBaseController->renderFile('/home/wwwroot/d...', Array, true)
#15 /home/wwwroot/dlfblog/framework/web/CController.php(783): CController->renderPartial('index', Array, true)
#16 /home/wwwroot/dlfblog/protected/controllers/CommentController.php(133): CController->render('index', Array)
#17 /home/wwwroot/dlfblog/framework/web/actions/CInlineAction.php(50): CommentController->actionIndex()
#18 /home/wwwroot/dlfblog/framework/web/CController.php(309): CInlineAction->runWithParams(Array)
#19 /home/wwwroot/dlfblog/framework/web/filters/CFilterChain.php(134): CController->runAction(Object(CInlineAction))
#20 /home/wwwroot/dlfblog/framework/web/filters/CFilter.php(41): CFilterChain->run()
#21 /home/wwwroot/dlfblog/framework/web/CController.php(1146): CFilter->filter(Object(CFilterChain))
#22 /home/wwwroot/dlfblog/framework/web/filters/CInlineFilter.php(59): CController->filterAccessControl(Object(CFilterChain))
#23 /home/wwwroot/dlfblog/framework/web/filters/CFilterChain.php(131): CInlineFilter->filter(Object(CFilterChain))
#24 /home/wwwroot/dlfblog/framework/web/CController.php(292): CFilterChain->run()
#25 /home/wwwroot/dlfblog/framework/web/CController.php(266): CController->runActionWithFilters(Object(CInlineAction), Array)
#26 /home/wwwroot/dlfblog/framework/web/CWebApplication.php(276): CController->run('index')
#27 /home/wwwroot/dlfblog/framework/web/CWebApplication.php(135): CWebApplication->runController('comment/index')
#28 /home/wwwroot/dlfblog/framework/base/CApplication.php(162): CWebApplication->processRequest()
#29 /home/wwwroot/dlfblog/index.php(13): CApplication->run()
#30 {main}
REQUEST_URI=/dlfblog/index.php/comment/index
---
2012/04/19 11:57:23 [error] [exception.CException] exception 'CException' with message 'Property "Comment.create_time" is not defined.' in /home/wwwroot/dlfblog/framework/base/CComponent.php:131
Stack trace:
#0 /home/wwwroot/dlfblog/framework/db/ar/CActiveRecord.php(144): CComponent->__get('create_time')
#1 /home/wwwroot/dlfblog/protected/views/comment/_view.php(25): CActiveRecord->__get('create_time')
#2 /home/wwwroot/dlfblog/framework/web/CBaseController.php(127): require('/home/wwwroot/d...')
#3 /home/wwwroot/dlfblog/framework/web/CBaseController.php(96): CBaseController->renderInternal('/home/wwwroot/d...', Array, true)
#4 /home/wwwroot/dlfblog/framework/web/CController.php(870): CBaseController->renderFile('/home/wwwroot/d...', Array, true)
#5 /home/wwwroot/dlfblog/framework/zii/widgets/CListView.php(242): CController->renderPartial('_view', Array)
#6 /home/wwwroot/dlfblog/framework/zii/widgets/CBaseListView.php(158): CListView->renderItems()
#7 [internal function]: CBaseListView->renderSection(Array)
#8 /home/wwwroot/dlfblog/framework/zii/widgets/CBaseListView.php(141): preg_replace_callback('/{(\w+)}/', Array, '{summary}?{sort...')
#9 /home/wwwroot/dlfblog/framework/zii/widgets/CBaseListView.php(126): CBaseListView->renderContent()
#10 /home/wwwroot/dlfblog/framework/web/CBaseController.php(174): CBaseListView->run()
#11 /home/wwwroot/dlfblog/protected/views/comment/index.php(23): CBaseController->widget('zii.widgets.CLi...', Array)
#12 /home/wwwroot/dlfblog/framework/web/CBaseController.php(127): require('/home/wwwroot/d...')
#13 /home/wwwroot/dlfblog/framework/web/CBaseController.php(96): CBaseController->renderInternal('/home/wwwroot/d...', Array, true)
#14 /home/wwwroot/dlfblog/framework/web/CController.php(870): CBaseController->renderFile('/home/wwwroot/d...', Array, true)
#15 /home/wwwroot/dlfblog/framework/web/CController.php(783): CController->renderPartial('index', Array, true)
#16 /home/wwwroot/dlfblog/protected/controllers/CommentController.php(133): CController->render('index', Array)
#17 /home/wwwroot/dlfblog/framework/web/actions/CInlineAction.php(50): CommentController->actionIndex()
#18 /home/wwwroot/dlfblog/framework/web/CController.php(309): CInlineAction->runWithParams(Array)
#19 /home/wwwroot/dlfblog/framework/web/filters/CFilterChain.php(134): CController->runAction(Object(CInlineAction))
#20 /home/wwwroot/dlfblog/framework/web/filters/CFilter.php(41): CFilterChain->run()
#21 /home/wwwroot/dlfblog/framework/web/CController.php(1146): CFilter->filter(Object(CFilterChain))
#22 /home/wwwroot/dlfblog/framework/web/filters/CInlineFilter.php(59): CController->filterAccessControl(Object(CFilterChain))
#23 /home/wwwroot/dlfblog/framework/web/filters/CFilterChain.php(131): CInlineFilter->filter(Object(CFilterChain))
#24 /home/wwwroot/dlfblog/framework/web/CController.php(292): CFilterChain->run()
#25 /home/wwwroot/dlfblog/framework/web/CController.php(266): CController->runActionWithFilters(Object(CInlineAction), Array)
#26 /home/wwwroot/dlfblog/framework/web/CWebApplication.php(276): CController->run('index')
#27 /home/wwwroot/dlfblog/framework/web/CWebApplication.php(135): CWebApplication->runController('comment/index')
#28 /home/wwwroot/dlfblog/framework/base/CApplication.php(162): CWebApplication->processRequest()
#29 /home/wwwroot/dlfblog/index.php(13): CApplication->run()
#30 {main}
REQUEST_URI=/dlfblog/index.php/comment/index
---
2012/07/06 05:59:16 [error] [exception.CException] exception 'CException' with message 'Alias "ext.markitup.EMarkitupWidget" is invalid. Make sure it points to an existing PHP file.' in D:\phpnow\htdocs\dlfblog\framework\YiiBase.php:318
Stack trace:
#0 D:\phpnow\htdocs\dlfblog\framework\web\CWidgetFactory.php(147): YiiBase::import('ext.markitup.EM...', true)
#1 D:\phpnow\htdocs\dlfblog\framework\web\CBaseController.php(147): CWidgetFactory->createWidget(Object(PostController), 'ext.markitup.EM...', Array)
#2 D:\phpnow\htdocs\dlfblog\framework\web\CBaseController.php(173): CBaseController->createWidget('ext.markitup.EM...', Array)
#3 D:\phpnow\htdocs\dlfblog\protected\views\post\_form.php(24): CBaseController->widget('ext.markitup.EM...', Array)
#4 D:\phpnow\htdocs\dlfblog\framework\web\CBaseController.php(127): require('D:\phpnow\htdoc...')
#5 D:\phpnow\htdocs\dlfblog\framework\web\CBaseController.php(96): CBaseController->renderInternal('D:\phpnow\htdoc...', Array, true)
#6 D:\phpnow\htdocs\dlfblog\framework\web\CController.php(870): CBaseController->renderFile('D:\phpnow\htdoc...', Array, true)
#7 D:\phpnow\htdocs\dlfblog\protected\views\post\create.php(15): CController->renderPartial('_form', Array)
#8 D:\phpnow\htdocs\dlfblog\framework\web\CBaseController.php(127): require('D:\phpnow\htdoc...')
#9 D:\phpnow\htdocs\dlfblog\framework\web\CBaseController.php(96): CBaseController->renderInternal('D:\phpnow\htdoc...', Array, true)
#10 D:\phpnow\htdocs\dlfblog\framework\web\CController.php(870): CBaseController->renderFile('D:\phpnow\htdoc...', Array, true)
#11 D:\phpnow\htdocs\dlfblog\framework\web\CController.php(783): CController->renderPartial('create', Array, true)
#12 D:\phpnow\htdocs\dlfblog\protected\controllers\PostController.php(82): CController->render('create', Array)
#13 D:\phpnow\htdocs\dlfblog\framework\web\actions\CInlineAction.php(50): PostController->actionCreate()
#14 D:\phpnow\htdocs\dlfblog\framework\web\CController.php(309): CInlineAction->runWithParams(Array)
#15 D:\phpnow\htdocs\dlfblog\framework\web\filters\CFilterChain.php(134): CController->runAction(Object(CInlineAction))
#16 D:\phpnow\htdocs\dlfblog\framework\web\filters\CFilter.php(41): CFilterChain->run()
#17 D:\phpnow\htdocs\dlfblog\framework\web\CController.php(1146): CFilter->filter(Object(CFilterChain))
#18 D:\phpnow\htdocs\dlfblog\framework\web\filters\CInlineFilter.php(59): CController->filterAccessControl(Object(CFilterChain))
#19 D:\phpnow\htdocs\dlfblog\framework\web\filters\CFilterChain.php(131): CInlineFilter->filter(Object(CFilterChain))
#20 D:\phpnow\htdocs\dlfblog\framework\web\CController.php(292): CFilterChain->run()
#21 D:\phpnow\htdocs\dlfblog\framework\web\CController.php(266): CController->runActionWithFilters(Object(CInlineAction), Array)
#22 D:\phpnow\htdocs\dlfblog\framework\web\CWebApplication.php(276): CController->run('create')
#23 D:\phpnow\htdocs\dlfblog\framework\web\CWebApplication.php(135): CWebApplication->runController('post/create')
#24 D:\phpnow\htdocs\dlfblog\framework\base\CApplication.php(162): CWebApplication->processRequest()
#25 D:\phpnow\htdocs\dlfblog\index.php(13): CApplication->run()
#26 {main}
REQUEST_URI=/dlfblog/index.php?r=post/create
HTTP_REFERER=http://localhost/dlfblog/index.php
---
2012/07/06 05:59:16 [error] [exception.CException] exception 'CException' with message 'Alias "ext.markitup.EMarkitupWidget" is invalid. Make sure it points to an existing PHP file.' in D:\phpnow\htdocs\dlfblog\framework\YiiBase.php:318
Stack trace:
#0 D:\phpnow\htdocs\dlfblog\framework\web\CWidgetFactory.php(147): YiiBase::import('ext.markitup.EM...', true)
#1 D:\phpnow\htdocs\dlfblog\framework\web\CBaseController.php(147): CWidgetFactory->createWidget(Object(PostController), 'ext.markitup.EM...', Array)
#2 D:\phpnow\htdocs\dlfblog\framework\web\CBaseController.php(173): CBaseController->createWidget('ext.markitup.EM...', Array)
#3 D:\phpnow\htdocs\dlfblog\protected\views\post\_form.php(24): CBaseController->widget('ext.markitup.EM...', Array)
#4 D:\phpnow\htdocs\dlfblog\framework\web\CBaseController.php(127): require('D:\phpnow\htdoc...')
#5 D:\phpnow\htdocs\dlfblog\framework\web\CBaseController.php(96): CBaseController->renderInternal('D:\phpnow\htdoc...', Array, true)
#6 D:\phpnow\htdocs\dlfblog\framework\web\CController.php(870): CBaseController->renderFile('D:\phpnow\htdoc...', Array, true)
#7 D:\phpnow\htdocs\dlfblog\protected\views\post\create.php(15): CController->renderPartial('_form', Array)
#8 D:\phpnow\htdocs\dlfblog\framework\web\CBaseController.php(127): require('D:\phpnow\htdoc...')
#9 D:\phpnow\htdocs\dlfblog\framework\web\CBaseController.php(96): CBaseController->renderInternal('D:\phpnow\htdoc...', Array, true)
#10 D:\phpnow\htdocs\dlfblog\framework\web\CController.php(870): CBaseController->renderFile('D:\phpnow\htdoc...', Array, true)
#11 D:\phpnow\htdocs\dlfblog\framework\web\CController.php(783): CController->renderPartial('create', Array, true)
#12 D:\phpnow\htdocs\dlfblog\protected\controllers\PostController.php(82): CController->render('create', Array)
#13 D:\phpnow\htdocs\dlfblog\framework\web\actions\CInlineAction.php(50): PostController->actionCreate()
#14 D:\phpnow\htdocs\dlfblog\framework\web\CController.php(309): CInlineAction->runWithParams(Array)
#15 D:\phpnow\htdocs\dlfblog\framework\web\filters\CFilterChain.php(134): CController->runAction(Object(CInlineAction))
#16 D:\phpnow\htdocs\dlfblog\framework\web\filters\CFilter.php(41): CFilterChain->run()
#17 D:\phpnow\htdocs\dlfblog\framework\web\CController.php(1146): CFilter->filter(Object(CFilterChain))
#18 D:\phpnow\htdocs\dlfblog\framework\web\filters\CInlineFilter.php(59): CController->filterAccessControl(Object(CFilterChain))
#19 D:\phpnow\htdocs\dlfblog\framework\web\filters\CFilterChain.php(131): CInlineFilter->filter(Object(CFilterChain))
#20 D:\phpnow\htdocs\dlfblog\framework\web\CController.php(292): CFilterChain->run()
#21 D:\phpnow\htdocs\dlfblog\framework\web\CController.php(266): CController->runActionWithFilters(Object(CInlineAction), Array)
#22 D:\phpnow\htdocs\dlfblog\framework\web\CWebApplication.php(276): CController->run('create')
#23 D:\phpnow\htdocs\dlfblog\framework\web\CWebApplication.php(135): CWebApplication->runController('post/create')
#24 D:\phpnow\htdocs\dlfblog\framework\base\CApplication.php(162): CWebApplication->processRequest()
#25 D:\phpnow\htdocs\dlfblog\index.php(13): CApplication->run()
#26 {main}
REQUEST_URI=/dlfblog/index.php?r=post/create
HTTP_REFERER=http://localhost/dlfblog/index.php
---
2012/07/06 05:59:22 [error] [exception.CException] exception 'CException' with message 'Property "Post.category_id" is not defined.' in D:\phpnow\htdocs\dlfblog\framework\base\CComponent.php:131
Stack trace:
#0 D:\phpnow\htdocs\dlfblog\framework\db\ar\CActiveRecord.php(144): CComponent->__get('category_id')
#1 D:\phpnow\htdocs\dlfblog\framework\web\helpers\CHtml.php(2044): CActiveRecord->__get('category_id')
#2 D:\phpnow\htdocs\dlfblog\framework\web\helpers\CHtml.php(1774): CHtml::resolveValue(Object(Post), 'category_id')
#3 D:\phpnow\htdocs\dlfblog\framework\web\helpers\CHtml.php(1205): CHtml::activeInputField('text', Object(Post), 'category_id', Array)
#4 D:\phpnow\htdocs\dlfblog\framework\web\widgets\CActiveForm.php(575): CHtml::activeTextField(Object(Post), 'category_id', Array)
#5 D:\phpnow\htdocs\dlfblog\protected\views\post\_search.php(55): CActiveForm->textField(Object(Post), 'category_id', Array)
#6 D:\phpnow\htdocs\dlfblog\framework\web\CBaseController.php(127): require('D:\phpnow\htdoc...')
#7 D:\phpnow\htdocs\dlfblog\framework\web\CBaseController.php(96): CBaseController->renderInternal('D:\phpnow\htdoc...', Array, true)
#8 D:\phpnow\htdocs\dlfblog\framework\web\CController.php(870): CBaseController->renderFile('D:\phpnow\htdoc...', Array, true)
#9 D:\phpnow\htdocs\dlfblog\protected\views\post\admin.php(37): CController->renderPartial('_search', Array)
#10 D:\phpnow\htdocs\dlfblog\framework\web\CBaseController.php(127): require('D:\phpnow\htdoc...')
#11 D:\phpnow\htdocs\dlfblog\framework\web\CBaseController.php(96): CBaseController->renderInternal('D:\phpnow\htdoc...', Array, true)
#12 D:\phpnow\htdocs\dlfblog\framework\web\CController.php(870): CBaseController->renderFile('D:\phpnow\htdoc...', Array, true)
#13 D:\phpnow\htdocs\dlfblog\framework\web\CController.php(783): CController->renderPartial('admin', Array, true)
#14 D:\phpnow\htdocs\dlfblog\protected\controllers\PostController.php(152): CController->render('admin', Array)
#15 D:\phpnow\htdocs\dlfblog\framework\web\actions\CInlineAction.php(50): PostController->actionAdmin()
#16 D:\phpnow\htdocs\dlfblog\framework\web\CController.php(309): CInlineAction->runWithParams(Array)
#17 D:\phpnow\htdocs\dlfblog\framework\web\filters\CFilterChain.php(134): CController->runAction(Object(CInlineAction))
#18 D:\phpnow\htdocs\dlfblog\framework\web\filters\CFilter.php(41): CFilterChain->run()
#19 D:\phpnow\htdocs\dlfblog\framework\web\CController.php(1146): CFilter->filter(Object(CFilterChain))
#20 D:\phpnow\htdocs\dlfblog\framework\web\filters\CInlineFilter.php(59): CController->filterAccessControl(Object(CFilterChain))
#21 D:\phpnow\htdocs\dlfblog\framework\web\filters\CFilterChain.php(131): CInlineFilter->filter(Object(CFilterChain))
#22 D:\phpnow\htdocs\dlfblog\framework\web\CController.php(292): CFilterChain->run()
#23 D:\phpnow\htdocs\dlfblog\framework\web\CController.php(266): CController->runActionWithFilters(Object(CInlineAction), Array)
#24 D:\phpnow\htdocs\dlfblog\framework\web\CWebApplication.php(276): CController->run('admin')
#25 D:\phpnow\htdocs\dlfblog\framework\web\CWebApplication.php(135): CWebApplication->runController('post/admin')
#26 D:\phpnow\htdocs\dlfblog\framework\base\CApplication.php(162): CWebApplication->processRequest()
#27 D:\phpnow\htdocs\dlfblog\index.php(13): CApplication->run()
#28 {main}
REQUEST_URI=/dlfblog/index.php?r=post/admin
HTTP_REFERER=http://localhost/dlfblog/index.php
---
2012/07/06 05:59:26 [error] [exception.CException] exception 'CException' with message 'Property "Comment.create_time" is not defined.' in D:\phpnow\htdocs\dlfblog\framework\base\CComponent.php:131
Stack trace:
#0 D:\phpnow\htdocs\dlfblog\framework\db\ar\CActiveRecord.php(144): CComponent->__get('create_time')
#1 D:\phpnow\htdocs\dlfblog\protected\views\comment\_view.php(25): CActiveRecord->__get('create_time')
#2 D:\phpnow\htdocs\dlfblog\framework\web\CBaseController.php(127): require('D:\phpnow\htdoc...')
#3 D:\phpnow\htdocs\dlfblog\framework\web\CBaseController.php(96): CBaseController->renderInternal('D:\phpnow\htdoc...', Array, true)
#4 D:\phpnow\htdocs\dlfblog\framework\web\CController.php(870): CBaseController->renderFile('D:\phpnow\htdoc...', Array, true)
#5 D:\phpnow\htdocs\dlfblog\framework\zii\widgets\CListView.php(242): CController->renderPartial('_view', Array)
#6 D:\phpnow\htdocs\dlfblog\framework\zii\widgets\CBaseListView.php(158): CListView->renderItems()
#7 [internal function]: CBaseListView->renderSection(Array)
#8 D:\phpnow\htdocs\dlfblog\framework\zii\widgets\CBaseListView.php(141): preg_replace_callback('/{(\w+)}/', Array, '{summary}?{sort...')
#9 D:\phpnow\htdocs\dlfblog\framework\zii\widgets\CBaseListView.php(126): CBaseListView->renderContent()
#10 D:\phpnow\htdocs\dlfblog\framework\web\CBaseController.php(174): CBaseListView->run()
#11 D:\phpnow\htdocs\dlfblog\protected\views\comment\index.php(23): CBaseController->widget('zii.widgets.CLi...', Array)
#12 D:\phpnow\htdocs\dlfblog\framework\web\CBaseController.php(127): require('D:\phpnow\htdoc...')
#13 D:\phpnow\htdocs\dlfblog\framework\web\CBaseController.php(96): CBaseController->renderInternal('D:\phpnow\htdoc...', Array, true)
#14 D:\phpnow\htdocs\dlfblog\framework\web\CController.php(870): CBaseController->renderFile('D:\phpnow\htdoc...', Array, true)
#15 D:\phpnow\htdocs\dlfblog\framework\web\CController.php(783): CController->renderPartial('index', Array, true)
#16 D:\phpnow\htdocs\dlfblog\protected\controllers\CommentController.php(133): CController->render('index', Array)
#17 D:\phpnow\htdocs\dlfblog\framework\web\actions\CInlineAction.php(50): CommentController->actionIndex()
#18 D:\phpnow\htdocs\dlfblog\framework\web\CController.php(309): CInlineAction->runWithParams(Array)
#19 D:\phpnow\htdocs\dlfblog\framework\web\filters\CFilterChain.php(134): CController->runAction(Object(CInlineAction))
#20 D:\phpnow\htdocs\dlfblog\framework\web\filters\CFilter.php(41): CFilterChain->run()
#21 D:\phpnow\htdocs\dlfblog\framework\web\CController.php(1146): CFilter->filter(Object(CFilterChain))
#22 D:\phpnow\htdocs\dlfblog\framework\web\filters\CInlineFilter.php(59): CController->filterAccessControl(Object(CFilterChain))
#23 D:\phpnow\htdocs\dlfblog\framework\web\filters\CFilterChain.php(131): CInlineFilter->filter(Object(CFilterChain))
#24 D:\phpnow\htdocs\dlfblog\framework\web\CController.php(292): CFilterChain->run()
#25 D:\phpnow\htdocs\dlfblog\framework\web\CController.php(266): CController->runActionWithFilters(Object(CInlineAction), Array)
#26 D:\phpnow\htdocs\dlfblog\framework\web\CWebApplication.php(276): CController->run('index')
#27 D:\phpnow\htdocs\dlfblog\framework\web\CWebApplication.php(135): CWebApplication->runController('comment/index')
#28 D:\phpnow\htdocs\dlfblog\framework\base\CApplication.php(162): CWebApplication->processRequest()
#29 D:\phpnow\htdocs\dlfblog\index.php(13): CApplication->run()
#30 {main}
REQUEST_URI=/dlfblog/index.php?r=comment/index
HTTP_REFERER=http://localhost/dlfblog/index.php
---
2012/07/06 05:59:26 [error] [exception.CException] exception 'CException' with message 'Property "Comment.create_time" is not defined.' in D:\phpnow\htdocs\dlfblog\framework\base\CComponent.php:131
Stack trace:
#0 D:\phpnow\htdocs\dlfblog\framework\db\ar\CActiveRecord.php(144): CComponent->__get('create_time')
#1 D:\phpnow\htdocs\dlfblog\protected\views\comment\_view.php(25): CActiveRecord->__get('create_time')
#2 D:\phpnow\htdocs\dlfblog\framework\web\CBaseController.php(127): require('D:\phpnow\htdoc...')
#3 D:\phpnow\htdocs\dlfblog\framework\web\CBaseController.php(96): CBaseController->renderInternal('D:\phpnow\htdoc...', Array, true)
#4 D:\phpnow\htdocs\dlfblog\framework\web\CController.php(870): CBaseController->renderFile('D:\phpnow\htdoc...', Array, true)
#5 D:\phpnow\htdocs\dlfblog\framework\zii\widgets\CListView.php(242): CController->renderPartial('_view', Array)
#6 D:\phpnow\htdocs\dlfblog\framework\zii\widgets\CBaseListView.php(158): CListView->renderItems()
#7 [internal function]: CBaseListView->renderSection(Array)
#8 D:\phpnow\htdocs\dlfblog\framework\zii\widgets\CBaseListView.php(141): preg_replace_callback('/{(\w+)}/', Array, '{summary}?{sort...')
#9 D:\phpnow\htdocs\dlfblog\framework\zii\widgets\CBaseListView.php(126): CBaseListView->renderContent()
#10 D:\phpnow\htdocs\dlfblog\framework\web\CBaseController.php(174): CBaseListView->run()
#11 D:\phpnow\htdocs\dlfblog\protected\views\comment\index.php(23): CBaseController->widget('zii.widgets.CLi...', Array)
#12 D:\phpnow\htdocs\dlfblog\framework\web\CBaseController.php(127): require('D:\phpnow\htdoc...')
#13 D:\phpnow\htdocs\dlfblog\framework\web\CBaseController.php(96): CBaseController->renderInternal('D:\phpnow\htdoc...', Array, true)
#14 D:\phpnow\htdocs\dlfblog\framework\web\CController.php(870): CBaseController->renderFile('D:\phpnow\htdoc...', Array, true)
#15 D:\phpnow\htdocs\dlfblog\framework\web\CController.php(783): CController->renderPartial('index', Array, true)
#16 D:\phpnow\htdocs\dlfblog\protected\controllers\CommentController.php(133): CController->render('index', Array)
#17 D:\phpnow\htdocs\dlfblog\framework\web\actions\CInlineAction.php(50): CommentController->actionIndex()
#18 D:\phpnow\htdocs\dlfblog\framework\web\CController.php(309): CInlineAction->runWithParams(Array)
#19 D:\phpnow\htdocs\dlfblog\framework\web\filters\CFilterChain.php(134): CController->runAction(Object(CInlineAction))
#20 D:\phpnow\htdocs\dlfblog\framework\web\filters\CFilter.php(41): CFilterChain->run()
#21 D:\phpnow\htdocs\dlfblog\framework\web\CController.php(1146): CFilter->filter(Object(CFilterChain))
#22 D:\phpnow\htdocs\dlfblog\framework\web\filters\CInlineFilter.php(59): CController->filterAccessControl(Object(CFilterChain))
#23 D:\phpnow\htdocs\dlfblog\framework\web\filters\CFilterChain.php(131): CInlineFilter->filter(Object(CFilterChain))
#24 D:\phpnow\htdocs\dlfblog\framework\web\CController.php(292): CFilterChain->run()
#25 D:\phpnow\htdocs\dlfblog\framework\web\CController.php(266): CController->runActionWithFilters(Object(CInlineAction), Array)
#26 D:\phpnow\htdocs\dlfblog\framework\web\CWebApplication.php(276): CController->run('index')
#27 D:\phpnow\htdocs\dlfblog\framework\web\CWebApplication.php(135): CWebApplication->runController('comment/index')
#28 D:\phpnow\htdocs\dlfblog\framework\base\CApplication.php(162): CWebApplication->processRequest()
#29 D:\phpnow\htdocs\dlfblog\index.php(13): CApplication->run()
#30 {main}
REQUEST_URI=/dlfblog/index.php?r=comment/index
HTTP_REFERER=http://localhost/dlfblog/index.php
---
2012/07/06 05:59:40 [error] [exception.CException] exception 'CException' with message 'Property "Post.category_id" is not defined.' in D:\phpnow\htdocs\dlfblog\framework\base\CComponent.php:131
Stack trace:
#0 D:\phpnow\htdocs\dlfblog\framework\db\ar\CActiveRecord.php(144): CComponent->__get('category_id')
#1 D:\phpnow\htdocs\dlfblog\framework\web\helpers\CHtml.php(2044): CActiveRecord->__get('category_id')
#2 D:\phpnow\htdocs\dlfblog\framework\web\helpers\CHtml.php(1774): CHtml::resolveValue(Object(Post), 'category_id')
#3 D:\phpnow\htdocs\dlfblog\framework\web\helpers\CHtml.php(1205): CHtml::activeInputField('text', Object(Post), 'category_id', Array)
#4 D:\phpnow\htdocs\dlfblog\framework\web\widgets\CActiveForm.php(575): CHtml::activeTextField(Object(Post), 'category_id', Array)
#5 D:\phpnow\htdocs\dlfblog\protected\views\post\_search.php(55): CActiveForm->textField(Object(Post), 'category_id', Array)
#6 D:\phpnow\htdocs\dlfblog\framework\web\CBaseController.php(127): require('D:\phpnow\htdoc...')
#7 D:\phpnow\htdocs\dlfblog\framework\web\CBaseController.php(96): CBaseController->renderInternal('D:\phpnow\htdoc...', Array, true)
#8 D:\phpnow\htdocs\dlfblog\framework\web\CController.php(870): CBaseController->renderFile('D:\phpnow\htdoc...', Array, true)
#9 D:\phpnow\htdocs\dlfblog\protected\views\post\admin.php(37): CController->renderPartial('_search', Array)
#10 D:\phpnow\htdocs\dlfblog\framework\web\CBaseController.php(127): require('D:\phpnow\htdoc...')
#11 D:\phpnow\htdocs\dlfblog\framework\web\CBaseController.php(96): CBaseController->renderInternal('D:\phpnow\htdoc...', Array, true)
#12 D:\phpnow\htdocs\dlfblog\framework\web\CController.php(870): CBaseController->renderFile('D:\phpnow\htdoc...', Array, true)
#13 D:\phpnow\htdocs\dlfblog\framework\web\CController.php(783): CController->renderPartial('admin', Array, true)
#14 D:\phpnow\htdocs\dlfblog\protected\controllers\PostController.php(152): CController->render('admin', Array)
#15 D:\phpnow\htdocs\dlfblog\framework\web\actions\CInlineAction.php(50): PostController->actionAdmin()
#16 D:\phpnow\htdocs\dlfblog\framework\web\CController.php(309): CInlineAction->runWithParams(Array)
#17 D:\phpnow\htdocs\dlfblog\framework\web\filters\CFilterChain.php(134): CController->runAction(Object(CInlineAction))
#18 D:\phpnow\htdocs\dlfblog\framework\web\filters\CFilter.php(41): CFilterChain->run()
#19 D:\phpnow\htdocs\dlfblog\framework\web\CController.php(1146): CFilter->filter(Object(CFilterChain))
#20 D:\phpnow\htdocs\dlfblog\framework\web\filters\CInlineFilter.php(59): CController->filterAccessControl(Object(CFilterChain))
#21 D:\phpnow\htdocs\dlfblog\framework\web\filters\CFilterChain.php(131): CInlineFilter->filter(Object(CFilterChain))
#22 D:\phpnow\htdocs\dlfblog\framework\web\CController.php(292): CFilterChain->run()
#23 D:\phpnow\htdocs\dlfblog\framework\web\CController.php(266): CController->runActionWithFilters(Object(CInlineAction), Array)
#24 D:\phpnow\htdocs\dlfblog\framework\web\CWebApplication.php(276): CController->run('admin')
#25 D:\phpnow\htdocs\dlfblog\framework\web\CWebApplication.php(135): CWebApplication->runController('post/admin')
#26 D:\phpnow\htdocs\dlfblog\framework\base\CApplication.php(162): CWebApplication->processRequest()
#27 D:\phpnow\htdocs\dlfblog\index.php(13): CApplication->run()
#28 {main}
REQUEST_URI=/dlfblog/index.php?r=post/admin
HTTP_REFERER=http://localhost/dlfblog/index.php?r=home/index
---
2012/07/06 05:59:45 [error] [exception.CException] exception 'CException' with message 'Alias "ext.markitup.EMarkitupWidget" is invalid. Make sure it points to an existing PHP file.' in D:\phpnow\htdocs\dlfblog\framework\YiiBase.php:318
Stack trace:
#0 D:\phpnow\htdocs\dlfblog\framework\web\CWidgetFactory.php(147): YiiBase::import('ext.markitup.EM...', true)
#1 D:\phpnow\htdocs\dlfblog\framework\web\CBaseController.php(147): CWidgetFactory->createWidget(Object(PostController), 'ext.markitup.EM...', Array)
#2 D:\phpnow\htdocs\dlfblog\framework\web\CBaseController.php(173): CBaseController->createWidget('ext.markitup.EM...', Array)
#3 D:\phpnow\htdocs\dlfblog\protected\views\post\_form.php(24): CBaseController->widget('ext.markitup.EM...', Array)
#4 D:\phpnow\htdocs\dlfblog\framework\web\CBaseController.php(127): require('D:\phpnow\htdoc...')
#5 D:\phpnow\htdocs\dlfblog\framework\web\CBaseController.php(96): CBaseController->renderInternal('D:\phpnow\htdoc...', Array, true)
#6 D:\phpnow\htdocs\dlfblog\framework\web\CController.php(870): CBaseController->renderFile('D:\phpnow\htdoc...', Array, true)
#7 D:\phpnow\htdocs\dlfblog\protected\views\post\create.php(15): CController->renderPartial('_form', Array)
#8 D:\phpnow\htdocs\dlfblog\framework\web\CBaseController.php(127): require('D:\phpnow\htdoc...')
#9 D:\phpnow\htdocs\dlfblog\framework\web\CBaseController.php(96): CBaseController->renderInternal('D:\phpnow\htdoc...', Array, true)
#10 D:\phpnow\htdocs\dlfblog\framework\web\CController.php(870): CBaseController->renderFile('D:\phpnow\htdoc...', Array, true)
#11 D:\phpnow\htdocs\dlfblog\framework\web\CController.php(783): CController->renderPartial('create', Array, true)
#12 D:\phpnow\htdocs\dlfblog\protected\controllers\PostController.php(82): CController->render('create', Array)
#13 D:\phpnow\htdocs\dlfblog\framework\web\actions\CInlineAction.php(50): PostController->actionCreate()
#14 D:\phpnow\htdocs\dlfblog\framework\web\CController.php(309): CInlineAction->runWithParams(Array)
#15 D:\phpnow\htdocs\dlfblog\framework\web\filters\CFilterChain.php(134): CController->runAction(Object(CInlineAction))
#16 D:\phpnow\htdocs\dlfblog\framework\web\filters\CFilter.php(41): CFilterChain->run()
#17 D:\phpnow\htdocs\dlfblog\framework\web\CController.php(1146): CFilter->filter(Object(CFilterChain))
#18 D:\phpnow\htdocs\dlfblog\framework\web\filters\CInlineFilter.php(59): CController->filterAccessControl(Object(CFilterChain))
#19 D:\phpnow\htdocs\dlfblog\framework\web\filters\CFilterChain.php(131): CInlineFilter->filter(Object(CFilterChain))
#20 D:\phpnow\htdocs\dlfblog\framework\web\CController.php(292): CFilterChain->run()
#21 D:\phpnow\htdocs\dlfblog\framework\web\CController.php(266): CController->runActionWithFilters(Object(CInlineAction), Array)
#22 D:\phpnow\htdocs\dlfblog\framework\web\CWebApplication.php(276): CController->run('create')
#23 D:\phpnow\htdocs\dlfblog\framework\web\CWebApplication.php(135): CWebApplication->runController('post/create')
#24 D:\phpnow\htdocs\dlfblog\framework\base\CApplication.php(162): CWebApplication->processRequest()
#25 D:\phpnow\htdocs\dlfblog\index.php(13): CApplication->run()
#26 {main}
REQUEST_URI=/dlfblog/index.php?r=post/create
HTTP_REFERER=http://localhost/dlfblog/index.php?r=home/index
---
2012/07/06 06:07:14 [error] [exception.CException] exception 'CException' with message 'Property "Post.category_id" is not defined.' in D:\phpnow\htdocs\dlfblog\framework\base\CComponent.php:131
Stack trace:
#0 D:\phpnow\htdocs\dlfblog\framework\db\ar\CActiveRecord.php(144): CComponent->__get('category_id')
#1 D:\phpnow\htdocs\dlfblog\framework\web\helpers\CHtml.php(2044): CActiveRecord->__get('category_id')
#2 D:\phpnow\htdocs\dlfblog\framework\web\helpers\CHtml.php(1774): CHtml::resolveValue(Object(Post), 'category_id')
#3 D:\phpnow\htdocs\dlfblog\framework\web\helpers\CHtml.php(1205): CHtml::activeInputField('text', Object(Post), 'category_id', Array)
#4 D:\phpnow\htdocs\dlfblog\framework\web\widgets\CActiveForm.php(575): CHtml::activeTextField(Object(Post), 'category_id', Array)
#5 D:\phpnow\htdocs\dlfblog\protected\views\post\_search.php(55): CActiveForm->textField(Object(Post), 'category_id', Array)
#6 D:\phpnow\htdocs\dlfblog\framework\web\CBaseController.php(127): require('D:\phpnow\htdoc...')
#7 D:\phpnow\htdocs\dlfblog\framework\web\CBaseController.php(96): CBaseController->renderInternal('D:\phpnow\htdoc...', Array, true)
#8 D:\phpnow\htdocs\dlfblog\framework\web\CController.php(870): CBaseController->renderFile('D:\phpnow\htdoc...', Array, true)
#9 D:\phpnow\htdocs\dlfblog\protected\views\post\admin.php(37): CController->renderPartial('_search', Array)
#10 D:\phpnow\htdocs\dlfblog\framework\web\CBaseController.php(127): require('D:\phpnow\htdoc...')
#11 D:\phpnow\htdocs\dlfblog\framework\web\CBaseController.php(96): CBaseController->renderInternal('D:\phpnow\htdoc...', Array, true)
#12 D:\phpnow\htdocs\dlfblog\framework\web\CController.php(870): CBaseController->renderFile('D:\phpnow\htdoc...', Array, true)
#13 D:\phpnow\htdocs\dlfblog\framework\web\CController.php(783): CController->renderPartial('admin', Array, true)
#14 D:\phpnow\htdocs\dlfblog\protected\controllers\PostController.php(152): CController->render('admin', Array)
#15 D:\phpnow\htdocs\dlfblog\framework\web\actions\CInlineAction.php(50): PostController->actionAdmin()
#16 D:\phpnow\htdocs\dlfblog\framework\web\CController.php(309): CInlineAction->runWithParams(Array)
#17 D:\phpnow\htdocs\dlfblog\framework\web\filters\CFilterChain.php(134): CController->runAction(Object(CInlineAction))
#18 D:\phpnow\htdocs\dlfblog\framework\web\filters\CFilter.php(41): CFilterChain->run()
#19 D:\phpnow\htdocs\dlfblog\framework\web\CController.php(1146): CFilter->filter(Object(CFilterChain))
#20 D:\phpnow\htdocs\dlfblog\framework\web\filters\CInlineFilter.php(59): CController->filterAccessControl(Object(CFilterChain))
#21 D:\phpnow\htdocs\dlfblog\framework\web\filters\CFilterChain.php(131): CInlineFilter->filter(Object(CFilterChain))
#22 D:\phpnow\htdocs\dlfblog\framework\web\CController.php(292): CFilterChain->run()
#23 D:\phpnow\htdocs\dlfblog\framework\web\CController.php(266): CController->runActionWithFilters(Object(CInlineAction), Array)
#24 D:\phpnow\htdocs\dlfblog\framework\web\CWebApplication.php(276): CController->run('admin')
#25 D:\phpnow\htdocs\dlfblog\framework\web\CWebApplication.php(135): CWebApplication->runController('post/admin')
#26 D:\phpnow\htdocs\dlfblog\framework\base\CApplication.php(162): CWebApplication->processRequest()
#27 D:\phpnow\htdocs\dlfblog\index.php(13): CApplication->run()
#28 {main}
REQUEST_URI=/dlfblog/index.php?r=post/admin
HTTP_REFERER=http://localhost/dlfblog/index.php?r=home/index
---
2012/07/06 06:13:37 [error] [exception.CException] exception 'CException' with message 'Property "Comment.create_time" is not defined.' in D:\phpnow\htdocs\dlfblog\framework\base\CComponent.php:131
Stack trace:
#0 D:\phpnow\htdocs\dlfblog\framework\db\ar\CActiveRecord.php(144): CComponent->__get('create_time')
#1 D:\phpnow\htdocs\dlfblog\protected\views\comment\_view.php(25): CActiveRecord->__get('create_time')
#2 D:\phpnow\htdocs\dlfblog\framework\web\CBaseController.php(127): require('D:\phpnow\htdoc...')
#3 D:\phpnow\htdocs\dlfblog\framework\web\CBaseController.php(96): CBaseController->renderInternal('D:\phpnow\htdoc...', Array, true)
#4 D:\phpnow\htdocs\dlfblog\framework\web\CController.php(870): CBaseController->renderFile('D:\phpnow\htdoc...', Array, true)
#5 D:\phpnow\htdocs\dlfblog\framework\zii\widgets\CListView.php(242): CController->renderPartial('_view', Array)
#6 D:\phpnow\htdocs\dlfblog\framework\zii\widgets\CBaseListView.php(158): CListView->renderItems()
#7 [internal function]: CBaseListView->renderSection(Array)
#8 D:\phpnow\htdocs\dlfblog\framework\zii\widgets\CBaseListView.php(141): preg_replace_callback('/{(\w+)}/', Array, '{summary}?{sort...')
#9 D:\phpnow\htdocs\dlfblog\framework\zii\widgets\CBaseListView.php(126): CBaseListView->renderContent()
#10 D:\phpnow\htdocs\dlfblog\framework\web\CBaseController.php(174): CBaseListView->run()
#11 D:\phpnow\htdocs\dlfblog\protected\views\comment\index.php(23): CBaseController->widget('zii.widgets.CLi...', Array)
#12 D:\phpnow\htdocs\dlfblog\framework\web\CBaseController.php(127): require('D:\phpnow\htdoc...')
#13 D:\phpnow\htdocs\dlfblog\framework\web\CBaseController.php(96): CBaseController->renderInternal('D:\phpnow\htdoc...', Array, true)
#14 D:\phpnow\htdocs\dlfblog\framework\web\CController.php(870): CBaseController->renderFile('D:\phpnow\htdoc...', Array, true)
#15 D:\phpnow\htdocs\dlfblog\framework\web\CController.php(783): CController->renderPartial('index', Array, true)
#16 D:\phpnow\htdocs\dlfblog\protected\controllers\CommentController.php(133): CController->render('index', Array)
#17 D:\phpnow\htdocs\dlfblog\framework\web\actions\CInlineAction.php(50): CommentController->actionIndex()
#18 D:\phpnow\htdocs\dlfblog\framework\web\CController.php(309): CInlineAction->runWithParams(Array)
#19 D:\phpnow\htdocs\dlfblog\framework\web\filters\CFilterChain.php(134): CController->runAction(Object(CInlineAction))
#20 D:\phpnow\htdocs\dlfblog\framework\web\filters\CFilter.php(41): CFilterChain->run()
#21 D:\phpnow\htdocs\dlfblog\framework\web\CController.php(1146): CFilter->filter(Object(CFilterChain))
#22 D:\phpnow\htdocs\dlfblog\framework\web\filters\CInlineFilter.php(59): CController->filterAccessControl(Object(CFilterChain))
#23 D:\phpnow\htdocs\dlfblog\framework\web\filters\CFilterChain.php(131): CInlineFilter->filter(Object(CFilterChain))
#24 D:\phpnow\htdocs\dlfblog\framework\web\CController.php(292): CFilterChain->run()
#25 D:\phpnow\htdocs\dlfblog\framework\web\CController.php(266): CController->runActionWithFilters(Object(CInlineAction), Array)
#26 D:\phpnow\htdocs\dlfblog\framework\web\CWebApplication.php(276): CController->run('index')
#27 D:\phpnow\htdocs\dlfblog\framework\web\CWebApplication.php(135): CWebApplication->runController('comment/index')
#28 D:\phpnow\htdocs\dlfblog\framework\base\CApplication.php(162): CWebApplication->processRequest()
#29 D:\phpnow\htdocs\dlfblog\index.php(13): CApplication->run()
#30 {main}
REQUEST_URI=/dlfblog/index.php?r=comment/index
HTTP_REFERER=http://localhost/dlfblog/index.php?r=post/admin
---
2012/07/06 06:16:37 [error] [exception.CException] exception 'CException' with message 'Property "Comment.create_time" is not defined.' in D:\phpnow\htdocs\dlfblog\framework\base\CComponent.php:131
Stack trace:
#0 D:\phpnow\htdocs\dlfblog\framework\db\ar\CActiveRecord.php(144): CComponent->__get('create_time')
#1 D:\phpnow\htdocs\dlfblog\protected\views\comment\_view.php(25): CActiveRecord->__get('create_time')
#2 D:\phpnow\htdocs\dlfblog\framework\web\CBaseController.php(127): require('D:\phpnow\htdoc...')
#3 D:\phpnow\htdocs\dlfblog\framework\web\CBaseController.php(96): CBaseController->renderInternal('D:\phpnow\htdoc...', Array, true)
#4 D:\phpnow\htdocs\dlfblog\framework\web\CController.php(870): CBaseController->renderFile('D:\phpnow\htdoc...', Array, true)
#5 D:\phpnow\htdocs\dlfblog\framework\zii\widgets\CListView.php(242): CController->renderPartial('_view', Array)
#6 D:\phpnow\htdocs\dlfblog\framework\zii\widgets\CBaseListView.php(158): CListView->renderItems()
#7 [internal function]: CBaseListView->renderSection(Array)
#8 D:\phpnow\htdocs\dlfblog\framework\zii\widgets\CBaseListView.php(141): preg_replace_callback('/{(\w+)}/', Array, '{summary}?{sort...')
#9 D:\phpnow\htdocs\dlfblog\framework\zii\widgets\CBaseListView.php(126): CBaseListView->renderContent()
#10 D:\phpnow\htdocs\dlfblog\framework\web\CBaseController.php(174): CBaseListView->run()
#11 D:\phpnow\htdocs\dlfblog\protected\views\comment\index.php(23): CBaseController->widget('zii.widgets.CLi...', Array)
#12 D:\phpnow\htdocs\dlfblog\framework\web\CBaseController.php(127): require('D:\phpnow\htdoc...')
#13 D:\phpnow\htdocs\dlfblog\framework\web\CBaseController.php(96): CBaseController->renderInternal('D:\phpnow\htdoc...', Array, true)
#14 D:\phpnow\htdocs\dlfblog\framework\web\CController.php(870): CBaseController->renderFile('D:\phpnow\htdoc...', Array, true)
#15 D:\phpnow\htdocs\dlfblog\framework\web\CController.php(783): CController->renderPartial('index', Array, true)
#16 D:\phpnow\htdocs\dlfblog\protected\controllers\CommentController.php(133): CController->render('index', Array)
#17 D:\phpnow\htdocs\dlfblog\framework\web\actions\CInlineAction.php(50): CommentController->actionIndex()
#18 D:\phpnow\htdocs\dlfblog\framework\web\CController.php(309): CInlineAction->runWithParams(Array)
#19 D:\phpnow\htdocs\dlfblog\framework\web\filters\CFilterChain.php(134): CController->runAction(Object(CInlineAction))
#20 D:\phpnow\htdocs\dlfblog\framework\web\filters\CFilter.php(41): CFilterChain->run()
#21 D:\phpnow\htdocs\dlfblog\framework\web\CController.php(1146): CFilter->filter(Object(CFilterChain))
#22 D:\phpnow\htdocs\dlfblog\framework\web\filters\CInlineFilter.php(59): CController->filterAccessControl(Object(CFilterChain))
#23 D:\phpnow\htdocs\dlfblog\framework\web\filters\CFilterChain.php(131): CInlineFilter->filter(Object(CFilterChain))
#24 D:\phpnow\htdocs\dlfblog\framework\web\CController.php(292): CFilterChain->run()
#25 D:\phpnow\htdocs\dlfblog\framework\web\CController.php(266): CController->runActionWithFilters(Object(CInlineAction), Array)
#26 D:\phpnow\htdocs\dlfblog\framework\web\CWebApplication.php(276): CController->run('index')
#27 D:\phpnow\htdocs\dlfblog\framework\web\CWebApplication.php(135): CWebApplication->runController('comment/index')
#28 D:\phpnow\htdocs\dlfblog\framework\base\CApplication.php(162): CWebApplication->processRequest()
#29 D:\phpnow\htdocs\dlfblog\index.php(13): CApplication->run()
#30 {main}
REQUEST_URI=/dlfblog/index.php?r=comment/index
HTTP_REFERER=http://localhost/dlfblog/index.php?r=post/admin
---
